<?xml version="1.0" encoding="UTF-8"?>
<testsuite xmlns:xsi="http://www.w3.org/2001/XMLSchema-instance" xsi:noNamespaceSchemaLocation="https://maven.apache.org/surefire/maven-surefire-plugin/xsd/surefire-test-report.xsd" name="TestSuite" time="96.064" tests="117" errors="0" skipped="0" failures="0">
  <properties>
    <property name="gopherProxySet" value="false"/>
    <property name="awt.toolkit" value="sun.lwawt.macosx.LWCToolkit"/>
    <property name="java.specification.version" value="11"/>
    <property name="sun.cpu.isalist" value=""/>
    <property name="sun.jnu.encoding" value="UTF-8"/>
    <property name="java.class.path" value="/Users/mutuba/Desktop/projects/redditClone/target/test-classes:/Users/mutuba/Desktop/projects/redditClone/target/classes:/Users/mutuba/.m2/repository/org/springframework/boot/spring-boot-starter-data-jpa/2.3.3.RELEASE/spring-boot-starter-data-jpa-2.3.3.RELEASE.jar:/Users/mutuba/.m2/repository/org/springframework/boot/spring-boot-starter-aop/2.3.3.RELEASE/spring-boot-starter-aop-2.3.3.RELEASE.jar:/Users/mutuba/.m2/repository/org/aspectj/aspectjweaver/1.9.6/aspectjweaver-1.9.6.jar:/Users/mutuba/.m2/repository/org/springframework/boot/spring-boot-starter-jdbc/2.3.3.RELEASE/spring-boot-starter-jdbc-2.3.3.RELEASE.jar:/Users/mutuba/.m2/repository/com/zaxxer/HikariCP/3.4.5/HikariCP-3.4.5.jar:/Users/mutuba/.m2/repository/org/springframework/spring-jdbc/5.2.8.RELEASE/spring-jdbc-5.2.8.RELEASE.jar:/Users/mutuba/.m2/repository/jakarta/transaction/jakarta.transaction-api/1.3.3/jakarta.transaction-api-1.3.3.jar:/Users/mutuba/.m2/repository/jakarta/persistence/jakarta.persistence-api/2.2.3/jakarta.persistence-api-2.2.3.jar:/Users/mutuba/.m2/repository/org/hibernate/hibernate-core/5.4.20.Final/hibernate-core-5.4.20.Final.jar:/Users/mutuba/.m2/repository/org/javassist/javassist/3.24.0-GA/javassist-3.24.0-GA.jar:/Users/mutuba/.m2/repository/net/bytebuddy/byte-buddy/1.10.14/byte-buddy-1.10.14.jar:/Users/mutuba/.m2/repository/antlr/antlr/2.7.7/antlr-2.7.7.jar:/Users/mutuba/.m2/repository/org/jboss/jandex/2.1.3.Final/jandex-2.1.3.Final.jar:/Users/mutuba/.m2/repository/org/dom4j/dom4j/2.1.3/dom4j-2.1.3.jar:/Users/mutuba/.m2/repository/org/hibernate/common/hibernate-commons-annotations/5.1.0.Final/hibernate-commons-annotations-5.1.0.Final.jar:/Users/mutuba/.m2/repository/org/glassfish/jaxb/jaxb-runtime/2.3.3/jaxb-runtime-2.3.3.jar:/Users/mutuba/.m2/repository/org/glassfish/jaxb/txw2/2.3.3/txw2-2.3.3.jar:/Users/mutuba/.m2/repository/com/sun/istack/istack-commons-runtime/3.0.11/istack-commons-runtime-3.0.11.jar:/Users/mutuba/.m2/repository/org/springframework/data/spring-data-jpa/2.3.3.RELEASE/spring-data-jpa-2.3.3.RELEASE.jar:/Users/mutuba/.m2/repository/org/springframework/data/spring-data-commons/2.3.3.RELEASE/spring-data-commons-2.3.3.RELEASE.jar:/Users/mutuba/.m2/repository/org/springframework/spring-orm/5.2.8.RELEASE/spring-orm-5.2.8.RELEASE.jar:/Users/mutuba/.m2/repository/org/springframework/spring-context/5.2.8.RELEASE/spring-context-5.2.8.RELEASE.jar:/Users/mutuba/.m2/repository/org/springframework/spring-tx/5.2.8.RELEASE/spring-tx-5.2.8.RELEASE.jar:/Users/mutuba/.m2/repository/org/springframework/spring-beans/5.2.8.RELEASE/spring-beans-5.2.8.RELEASE.jar:/Users/mutuba/.m2/repository/org/springframework/spring-aspects/5.2.8.RELEASE/spring-aspects-5.2.8.RELEASE.jar:/Users/mutuba/.m2/repository/org/springframework/boot/spring-boot-starter-mail/2.3.3.RELEASE/spring-boot-starter-mail-2.3.3.RELEASE.jar:/Users/mutuba/.m2/repository/org/springframework/boot/spring-boot-starter/2.3.3.RELEASE/spring-boot-starter-2.3.3.RELEASE.jar:/Users/mutuba/.m2/repository/org/springframework/boot/spring-boot-starter-logging/2.3.3.RELEASE/spring-boot-starter-logging-2.3.3.RELEASE.jar:/Users/mutuba/.m2/repository/ch/qos/logback/logback-classic/1.2.3/logback-classic-1.2.3.jar:/Users/mutuba/.m2/repository/ch/qos/logback/logback-core/1.2.3/logback-core-1.2.3.jar:/Users/mutuba/.m2/repository/org/apache/logging/log4j/log4j-to-slf4j/2.13.3/log4j-to-slf4j-2.13.3.jar:/Users/mutuba/.m2/repository/org/apache/logging/log4j/log4j-api/2.13.3/log4j-api-2.13.3.jar:/Users/mutuba/.m2/repository/org/slf4j/jul-to-slf4j/1.7.30/jul-to-slf4j-1.7.30.jar:/Users/mutuba/.m2/repository/jakarta/annotation/jakarta.annotation-api/1.3.5/jakarta.annotation-api-1.3.5.jar:/Users/mutuba/.m2/repository/org/yaml/snakeyaml/1.26/snakeyaml-1.26.jar:/Users/mutuba/.m2/repository/org/springframework/spring-context-support/5.2.8.RELEASE/spring-context-support-5.2.8.RELEASE.jar:/Users/mutuba/.m2/repository/com/sun/mail/jakarta.mail/1.6.5/jakarta.mail-1.6.5.jar:/Users/mutuba/.m2/repository/com/sun/activation/jakarta.activation/1.2.2/jakarta.activation-1.2.2.jar:/Users/mutuba/.m2/repository/org/springframework/boot/spring-boot-starter-security/2.3.3.RELEASE/spring-boot-starter-security-2.3.3.RELEASE.jar:/Users/mutuba/.m2/repository/org/springframework/spring-aop/5.2.8.RELEASE/spring-aop-5.2.8.RELEASE.jar:/Users/mutuba/.m2/repository/org/springframework/security/spring-security-config/5.3.4.RELEASE/spring-security-config-5.3.4.RELEASE.jar:/Users/mutuba/.m2/repository/org/springframework/security/spring-security-web/5.3.4.RELEASE/spring-security-web-5.3.4.RELEASE.jar:/Users/mutuba/.m2/repository/org/springframework/spring-expression/5.2.8.RELEASE/spring-expression-5.2.8.RELEASE.jar:/Users/mutuba/.m2/repository/org/springframework/boot/spring-boot-starter-thymeleaf/2.3.3.RELEASE/spring-boot-starter-thymeleaf-2.3.3.RELEASE.jar:/Users/mutuba/.m2/repository/org/thymeleaf/thymeleaf-spring5/3.0.11.RELEASE/thymeleaf-spring5-3.0.11.RELEASE.jar:/Users/mutuba/.m2/repository/org/thymeleaf/thymeleaf/3.0.11.RELEASE/thymeleaf-3.0.11.RELEASE.jar:/Users/mutuba/.m2/repository/org/attoparser/attoparser/2.0.5.RELEASE/attoparser-2.0.5.RELEASE.jar:/Users/mutuba/.m2/repository/org/unbescape/unbescape/1.1.6.RELEASE/unbescape-1.1.6.RELEASE.jar:/Users/mutuba/.m2/repository/org/thymeleaf/extras/thymeleaf-extras-java8time/3.0.4.RELEASE/thymeleaf-extras-java8time-3.0.4.RELEASE.jar:/Users/mutuba/.m2/repository/org/springframework/boot/spring-boot-starter-web/2.3.3.RELEASE/spring-boot-starter-web-2.3.3.RELEASE.jar:/Users/mutuba/.m2/repository/org/springframework/boot/spring-boot-starter-json/2.3.3.RELEASE/spring-boot-starter-json-2.3.3.RELEASE.jar:/Users/mutuba/.m2/repository/com/fasterxml/jackson/datatype/jackson-datatype-jdk8/2.11.2/jackson-datatype-jdk8-2.11.2.jar:/Users/mutuba/.m2/repository/com/fasterxml/jackson/datatype/jackson-datatype-jsr310/2.11.2/jackson-datatype-jsr310-2.11.2.jar:/Users/mutuba/.m2/repository/com/fasterxml/jackson/module/jackson-module-parameter-names/2.11.2/jackson-module-parameter-names-2.11.2.jar:/Users/mutuba/.m2/repository/org/springframework/boot/spring-boot-starter-tomcat/2.3.3.RELEASE/spring-boot-starter-tomcat-2.3.3.RELEASE.jar:/Users/mutuba/.m2/repository/org/apache/tomcat/embed/tomcat-embed-core/9.0.37/tomcat-embed-core-9.0.37.jar:/Users/mutuba/.m2/repository/org/apache/tomcat/embed/tomcat-embed-websocket/9.0.37/tomcat-embed-websocket-9.0.37.jar:/Users/mutuba/.m2/repository/org/springframework/spring-web/5.2.8.RELEASE/spring-web-5.2.8.RELEASE.jar:/Users/mutuba/.m2/repository/org/springframework/spring-webmvc/5.2.8.RELEASE/spring-webmvc-5.2.8.RELEASE.jar:/Users/mutuba/.m2/repository/org/springframework/boot/spring-boot-devtools/2.3.3.RELEASE/spring-boot-devtools-2.3.3.RELEASE.jar:/Users/mutuba/.m2/repository/org/springframework/boot/spring-boot/2.3.3.RELEASE/spring-boot-2.3.3.RELEASE.jar:/Users/mutuba/.m2/repository/org/springframework/boot/spring-boot-autoconfigure/2.3.3.RELEASE/spring-boot-autoconfigure-2.3.3.RELEASE.jar:/Users/mutuba/.m2/repository/com/h2database/h2/1.4.200/h2-1.4.200.jar:/Users/mutuba/.m2/repository/mysql/mysql-connector-java/8.0.21/mysql-connector-java-8.0.21.jar:/Users/mutuba/.m2/repository/org/springframework/boot/spring-boot-configuration-processor/2.3.3.RELEASE/spring-boot-configuration-processor-2.3.3.RELEASE.jar:/Users/mutuba/.m2/repository/org/projectlombok/lombok/1.18.12/lombok-1.18.12.jar:/Users/mutuba/.m2/repository/org/springframework/boot/spring-boot-starter-test/2.3.3.RELEASE/spring-boot-starter-test-2.3.3.RELEASE.jar:/Users/mutuba/.m2/repository/org/springframework/boot/spring-boot-test/2.3.3.RELEASE/spring-boot-test-2.3.3.RELEASE.jar:/Users/mutuba/.m2/repository/org/springframework/boot/spring-boot-test-autoconfigure/2.3.3.RELEASE/spring-boot-test-autoconfigure-2.3.3.RELEASE.jar:/Users/mutuba/.m2/repository/jakarta/xml/bind/jakarta.xml.bind-api/2.3.3/jakarta.xml.bind-api-2.3.3.jar:/Users/mutuba/.m2/repository/jakarta/activation/jakarta.activation-api/1.2.2/jakarta.activation-api-1.2.2.jar:/Users/mutuba/.m2/repository/org/assertj/assertj-core/3.16.1/assertj-core-3.16.1.jar:/Users/mutuba/.m2/repository/org/hamcrest/hamcrest/2.2/hamcrest-2.2.jar:/Users/mutuba/.m2/repository/org/mockito/mockito-core/3.3.3/mockito-core-3.3.3.jar:/Users/mutuba/.m2/repository/net/bytebuddy/byte-buddy-agent/1.10.14/byte-buddy-agent-1.10.14.jar:/Users/mutuba/.m2/repository/org/objenesis/objenesis/2.6/objenesis-2.6.jar:/Users/mutuba/.m2/repository/org/mockito/mockito-junit-jupiter/3.3.3/mockito-junit-jupiter-3.3.3.jar:/Users/mutuba/.m2/repository/org/skyscreamer/jsonassert/1.5.0/jsonassert-1.5.0.jar:/Users/mutuba/.m2/repository/com/vaadin/external/google/android-json/0.0.20131108.vaadin1/android-json-0.0.20131108.vaadin1.jar:/Users/mutuba/.m2/repository/org/springframework/spring-core/5.2.8.RELEASE/spring-core-5.2.8.RELEASE.jar:/Users/mutuba/.m2/repository/org/springframework/spring-jcl/5.2.8.RELEASE/spring-jcl-5.2.8.RELEASE.jar:/Users/mutuba/.m2/repository/org/springframework/spring-test/5.2.8.RELEASE/spring-test-5.2.8.RELEASE.jar:/Users/mutuba/.m2/repository/org/xmlunit/xmlunit-core/2.7.0/xmlunit-core-2.7.0.jar:/Users/mutuba/.m2/repository/org/springframework/security/spring-security-test/5.3.4.RELEASE/spring-security-test-5.3.4.RELEASE.jar:/Users/mutuba/.m2/repository/org/springframework/security/spring-security-core/5.3.4.RELEASE/spring-security-core-5.3.4.RELEASE.jar:/Users/mutuba/.m2/repository/com/github/javafaker/javafaker/0.12/javafaker-0.12.jar:/Users/mutuba/.m2/repository/org/apache/commons/commons-lang3/3.10/commons-lang3-3.10.jar:/Users/mutuba/.m2/repository/com/github/mifmif/generex/1.0.2/generex-1.0.2.jar:/Users/mutuba/.m2/repository/dk/brics/automaton/automaton/1.11-8/automaton-1.11-8.jar:/Users/mutuba/.m2/repository/io/jsonwebtoken/jjwt/0.9.0/jjwt-0.9.0.jar:/Users/mutuba/.m2/repository/com/fasterxml/jackson/core/jackson-databind/2.11.2/jackson-databind-2.11.2.jar:/Users/mutuba/.m2/repository/com/fasterxml/jackson/core/jackson-annotations/2.11.2/jackson-annotations-2.11.2.jar:/Users/mutuba/.m2/repository/com/fasterxml/jackson/core/jackson-core/2.11.2/jackson-core-2.11.2.jar:/Users/mutuba/.m2/repository/org/springframework/boot/spring-boot-starter-validation/2.3.3.RELEASE/spring-boot-starter-validation-2.3.3.RELEASE.jar:/Users/mutuba/.m2/repository/org/glassfish/jakarta.el/3.0.3/jakarta.el-3.0.3.jar:/Users/mutuba/.m2/repository/com/github/marlonlom/timeago/4.0.1/timeago-4.0.1.jar:/Users/mutuba/.m2/repository/io/springfox/springfox-swagger2/2.9.2/springfox-swagger2-2.9.2.jar:/Users/mutuba/.m2/repository/io/swagger/swagger-annotations/1.5.20/swagger-annotations-1.5.20.jar:/Users/mutuba/.m2/repository/io/swagger/swagger-models/1.5.20/swagger-models-1.5.20.jar:/Users/mutuba/.m2/repository/io/springfox/springfox-spi/2.9.2/springfox-spi-2.9.2.jar:/Users/mutuba/.m2/repository/io/springfox/springfox-core/2.9.2/springfox-core-2.9.2.jar:/Users/mutuba/.m2/repository/io/springfox/springfox-schema/2.9.2/springfox-schema-2.9.2.jar:/Users/mutuba/.m2/repository/io/springfox/springfox-swagger-common/2.9.2/springfox-swagger-common-2.9.2.jar:/Users/mutuba/.m2/repository/io/springfox/springfox-spring-web/2.9.2/springfox-spring-web-2.9.2.jar:/Users/mutuba/.m2/repository/com/google/guava/guava/20.0/guava-20.0.jar:/Users/mutuba/.m2/repository/com/fasterxml/classmate/1.5.1/classmate-1.5.1.jar:/Users/mutuba/.m2/repository/org/slf4j/slf4j-api/1.7.30/slf4j-api-1.7.30.jar:/Users/mutuba/.m2/repository/org/springframework/plugin/spring-plugin-core/1.2.0.RELEASE/spring-plugin-core-1.2.0.RELEASE.jar:/Users/mutuba/.m2/repository/org/springframework/plugin/spring-plugin-metadata/1.2.0.RELEASE/spring-plugin-metadata-1.2.0.RELEASE.jar:/Users/mutuba/.m2/repository/org/mapstruct/mapstruct/1.2.0.Final/mapstruct-1.2.0.Final.jar:/Users/mutuba/.m2/repository/io/springfox/springfox-swagger-ui/2.0.2/springfox-swagger-ui-2.0.2.jar:/Users/mutuba/.m2/repository/com/icegreen/greenmail/1.3/greenmail-1.3.jar:/Users/mutuba/.m2/repository/javax/mail/mail/1.4/mail-1.4.jar:/Users/mutuba/.m2/repository/javax/activation/activation/1.1/activation-1.1.jar:/Users/mutuba/.m2/repository/org/springframework/boot/spring-boot-starter-actuator/2.3.3.RELEASE/spring-boot-starter-actuator-2.3.3.RELEASE.jar:/Users/mutuba/.m2/repository/org/springframework/boot/spring-boot-actuator-autoconfigure/2.3.3.RELEASE/spring-boot-actuator-autoconfigure-2.3.3.RELEASE.jar:/Users/mutuba/.m2/repository/org/springframework/boot/spring-boot-actuator/2.3.3.RELEASE/spring-boot-actuator-2.3.3.RELEASE.jar:/Users/mutuba/.m2/repository/io/micrometer/micrometer-core/1.5.4/micrometer-core-1.5.4.jar:/Users/mutuba/.m2/repository/org/hdrhistogram/HdrHistogram/2.1.12/HdrHistogram-2.1.12.jar:/Users/mutuba/.m2/repository/org/latencyutils/LatencyUtils/2.0.3/LatencyUtils-2.0.3.jar:/Users/mutuba/.m2/repository/com/jayway/jsonpath/json-path/2.2.0/json-path-2.2.0.jar:/Users/mutuba/.m2/repository/net/minidev/json-smart/2.3/json-smart-2.3.jar:/Users/mutuba/.m2/repository/net/minidev/accessors-smart/1.2/accessors-smart-1.2.jar:/Users/mutuba/.m2/repository/org/ow2/asm/asm/5.0.4/asm-5.0.4.jar:/Users/mutuba/.m2/repository/org/testng/testng/6.9.13.6/testng-6.9.13.6.jar:/Users/mutuba/.m2/repository/com/beust/jcommander/1.48/jcommander-1.48.jar:/Users/mutuba/.m2/repository/org/apache/ant/ant/1.9.7/ant-1.9.7.jar:/Users/mutuba/.m2/repository/org/apache/ant/ant-launcher/1.9.7/ant-launcher-1.9.7.jar:/Users/mutuba/.m2/repository/org/beanshell/bsh/2.0b4/bsh-2.0b4.jar:/Users/mutuba/.m2/repository/io/rest-assured/rest-assured/3.3.0/rest-assured-3.3.0.jar:/Users/mutuba/.m2/repository/org/codehaus/groovy/groovy/2.5.13/groovy-2.5.13.jar:/Users/mutuba/.m2/repository/org/codehaus/groovy/groovy-xml/2.5.13/groovy-xml-2.5.13.jar:/Users/mutuba/.m2/repository/org/apache/httpcomponents/httpclient/4.5.12/httpclient-4.5.12.jar:/Users/mutuba/.m2/repository/org/apache/httpcomponents/httpcore/4.4.13/httpcore-4.4.13.jar:/Users/mutuba/.m2/repository/commons-codec/commons-codec/1.14/commons-codec-1.14.jar:/Users/mutuba/.m2/repository/org/apache/httpcomponents/httpmime/4.5.12/httpmime-4.5.12.jar:/Users/mutuba/.m2/repository/org/hamcrest/hamcrest-core/2.2/hamcrest-core-2.2.jar:/Users/mutuba/.m2/repository/org/ccil/cowan/tagsoup/tagsoup/1.2.1/tagsoup-1.2.1.jar:/Users/mutuba/.m2/repository/io/rest-assured/json-path/3.3.0/json-path-3.3.0.jar:/Users/mutuba/.m2/repository/org/codehaus/groovy/groovy-json/2.5.13/groovy-json-2.5.13.jar:/Users/mutuba/.m2/repository/io/rest-assured/rest-assured-common/3.3.0/rest-assured-common-3.3.0.jar:/Users/mutuba/.m2/repository/io/rest-assured/xml-path/3.3.0/xml-path-3.3.0.jar:/Users/mutuba/.m2/repository/javax/xml/bind/jaxb-api/2.3.1/jaxb-api-2.3.1.jar:/Users/mutuba/.m2/repository/javax/activation/javax.activation-api/1.2.0/javax.activation-api-1.2.0.jar:/Users/mutuba/.m2/repository/com/sun/xml/bind/jaxb-osgi/2.2.10/jaxb-osgi-2.2.10.jar:/Users/mutuba/.m2/repository/org/apache/sling/org.apache.sling.javax.activation/0.1.0/org.apache.sling.javax.activation-0.1.0.jar:/Users/mutuba/.m2/repository/org/hamcrest/hamcrest-library/1.3/hamcrest-library-1.3.jar:/Users/mutuba/.m2/repository/org/jetbrains/spek/spek-junit-platform-engine/1.1.5/spek-junit-platform-engine-1.1.5.jar:/Users/mutuba/.m2/repository/org/jetbrains/kotlin/kotlin-stdlib/1.3.72/kotlin-stdlib-1.3.72.jar:/Users/mutuba/.m2/repository/org/jetbrains/kotlin/kotlin-stdlib-common/1.3.72/kotlin-stdlib-common-1.3.72.jar:/Users/mutuba/.m2/repository/org/jetbrains/annotations/13.0/annotations-13.0.jar:/Users/mutuba/.m2/repository/org/jetbrains/kotlin/kotlin-reflect/1.3.72/kotlin-reflect-1.3.72.jar:/Users/mutuba/.m2/repository/org/jetbrains/spek/spek-api/1.1.5/spek-api-1.1.5.jar:/Users/mutuba/.m2/repository/org/apache/maven/plugins/maven-failsafe-plugin/3.0.0-M5/maven-failsafe-plugin-3.0.0-M5.jar:/Users/mutuba/.m2/repository/org/apache/maven/surefire/maven-surefire-common/3.0.0-M5/maven-surefire-common-3.0.0-M5.jar:/Users/mutuba/.m2/repository/org/apache/maven/surefire/surefire-api/3.0.0-M5/surefire-api-3.0.0-M5.jar:/Users/mutuba/.m2/repository/org/apache/maven/surefire/surefire-logger-api/3.0.0-M5/surefire-logger-api-3.0.0-M5.jar:/Users/mutuba/.m2/repository/org/apache/maven/surefire/surefire-extensions-api/3.0.0-M5/surefire-extensions-api-3.0.0-M5.jar:/Users/mutuba/.m2/repository/org/apache/maven/surefire/surefire-booter/3.0.0-M5/surefire-booter-3.0.0-M5.jar:/Users/mutuba/.m2/repository/org/apache/maven/surefire/surefire-extensions-spi/3.0.0-M5/surefire-extensions-spi-3.0.0-M5.jar:/Users/mutuba/.m2/repository/org/apache/maven/maven-toolchain/3.0-alpha-2/maven-toolchain-3.0-alpha-2.jar:/Users/mutuba/.m2/repository/org/apache/maven/shared/maven-artifact-transfer/0.11.0/maven-artifact-transfer-0.11.0.jar:/Users/mutuba/.m2/repository/org/apache/maven/shared/maven-common-artifact-filters/3.0.1/maven-common-artifact-filters-3.0.1.jar:/Users/mutuba/.m2/repository/org/apache/maven/maven-model/3.0/maven-model-3.0.jar:/Users/mutuba/.m2/repository/org/apache/maven/maven-plugin-api/3.0/maven-plugin-api-3.0.jar:/Users/mutuba/.m2/repository/org/sonatype/sisu/sisu-inject-plexus/1.4.2/sisu-inject-plexus-1.4.2.jar:/Users/mutuba/.m2/repository/org/codehaus/plexus/plexus-classworlds/2.2.3/plexus-classworlds-2.2.3.jar:/Users/mutuba/.m2/repository/org/sonatype/sisu/sisu-inject-bean/1.4.2/sisu-inject-bean-1.4.2.jar:/Users/mutuba/.m2/repository/org/sonatype/sisu/sisu-guice/2.1.7/sisu-guice-2.1.7-noaop.jar:/Users/mutuba/.m2/repository/org/apache/maven/shared/maven-shared-utils/3.1.0/maven-shared-utils-3.1.0.jar:/Users/mutuba/.m2/repository/commons-io/commons-io/2.5/commons-io-2.5.jar:/Users/mutuba/.m2/repository/org/codehaus/plexus/plexus-java/1.0.5/plexus-java-1.0.5.jar:/Users/mutuba/.m2/repository/com/thoughtworks/qdox/qdox/2.0-M9/qdox-2.0-M9.jar:/Users/mutuba/.m2/repository/org/apache/maven/surefire/surefire-shared-utils/3.0.0-M4/surefire-shared-utils-3.0.0-M4.jar:/Users/mutuba/.m2/repository/junit/junit/4.13/junit-4.13.jar:/Users/mutuba/.m2/repository/org/junit/jupiter/junit-jupiter/5.6.0/junit-jupiter-5.6.0.jar:/Users/mutuba/.m2/repository/org/junit/jupiter/junit-jupiter-api/5.6.2/junit-jupiter-api-5.6.2.jar:/Users/mutuba/.m2/repository/org/opentest4j/opentest4j/1.2.0/opentest4j-1.2.0.jar:/Users/mutuba/.m2/repository/org/junit/platform/junit-platform-commons/1.6.2/junit-platform-commons-1.6.2.jar:/Users/mutuba/.m2/repository/org/junit/jupiter/junit-jupiter-params/5.6.2/junit-jupiter-params-5.6.2.jar:/Users/mutuba/.m2/repository/org/junit/jupiter/junit-jupiter-engine/5.6.2/junit-jupiter-engine-5.6.2.jar:/Users/mutuba/.m2/repository/org/junit/platform/junit-platform-launcher/1.6.2/junit-platform-launcher-1.6.2.jar:/Users/mutuba/.m2/repository/org/apiguardian/apiguardian-api/1.1.0/apiguardian-api-1.1.0.jar:/Users/mutuba/.m2/repository/org/junit/platform/junit-platform-engine/1.6.2/junit-platform-engine-1.6.2.jar:/Users/mutuba/.m2/repository/org/hsqldb/hsqldb/2.5.1/hsqldb-2.5.1.jar:/Users/mutuba/.m2/repository/org/hibernate/validator/hibernate-validator/6.0.13.Final/hibernate-validator-6.0.13.Final.jar:/Users/mutuba/.m2/repository/javax/validation/validation-api/2.0.1.Final/validation-api-2.0.1.Final.jar:/Users/mutuba/.m2/repository/org/jboss/logging/jboss-logging/3.4.1.Final/jboss-logging-3.4.1.Final.jar:/Users/mutuba/.m2/repository/org/glassfish/javax.el/3.0.0/javax.el-3.0.0.jar:/Users/mutuba/.m2/repository/nl/jqno/equalsverifier/equalsverifier/3.0.3/equalsverifier-3.0.3.jar:"/>
    <property name="java.vm.vendor" value="AdoptOpenJDK"/>
    <property name="sun.arch.data.model" value="64"/>
    <property name="java.vendor.url" value="https://adoptopenjdk.net/"/>
    <property name="user.timezone" value=""/>
    <property name="java.vm.specification.version" value="11"/>
    <property name="os.name" value="Mac OS X"/>
    <property name="sun.java.launcher" value="SUN_STANDARD"/>
    <property name="user.country" value="KE"/>
    <property name="sun.boot.library.path" value="/Library/Java/JavaVirtualMachines/adoptopenjdk-11.jdk/Contents/Home/lib"/>
    <property name="sun.java.command" value="/Users/mutuba/Desktop/projects/redditClone/target/surefire/surefirebooter6805265641678763777.jar /Users/mutuba/Desktop/projects/redditClone/target/surefire 2020-10-05T13-23-04_442-jvmRun1 surefire5839226436777649419tmp surefire_02522202669991100992tmp"/>
    <property name="http.nonProxyHosts" value="local|*.local|169.254/16|*.169.254/16"/>
    <property name="jdk.debug" value="release"/>
    <property name="surefire.test.class.path" value="/Users/mutuba/Desktop/projects/redditClone/target/test-classes:/Users/mutuba/Desktop/projects/redditClone/target/classes:/Users/mutuba/.m2/repository/org/springframework/boot/spring-boot-starter-data-jpa/2.3.3.RELEASE/spring-boot-starter-data-jpa-2.3.3.RELEASE.jar:/Users/mutuba/.m2/repository/org/springframework/boot/spring-boot-starter-aop/2.3.3.RELEASE/spring-boot-starter-aop-2.3.3.RELEASE.jar:/Users/mutuba/.m2/repository/org/aspectj/aspectjweaver/1.9.6/aspectjweaver-1.9.6.jar:/Users/mutuba/.m2/repository/org/springframework/boot/spring-boot-starter-jdbc/2.3.3.RELEASE/spring-boot-starter-jdbc-2.3.3.RELEASE.jar:/Users/mutuba/.m2/repository/com/zaxxer/HikariCP/3.4.5/HikariCP-3.4.5.jar:/Users/mutuba/.m2/repository/org/springframework/spring-jdbc/5.2.8.RELEASE/spring-jdbc-5.2.8.RELEASE.jar:/Users/mutuba/.m2/repository/jakarta/transaction/jakarta.transaction-api/1.3.3/jakarta.transaction-api-1.3.3.jar:/Users/mutuba/.m2/repository/jakarta/persistence/jakarta.persistence-api/2.2.3/jakarta.persistence-api-2.2.3.jar:/Users/mutuba/.m2/repository/org/hibernate/hibernate-core/5.4.20.Final/hibernate-core-5.4.20.Final.jar:/Users/mutuba/.m2/repository/org/javassist/javassist/3.24.0-GA/javassist-3.24.0-GA.jar:/Users/mutuba/.m2/repository/net/bytebuddy/byte-buddy/1.10.14/byte-buddy-1.10.14.jar:/Users/mutuba/.m2/repository/antlr/antlr/2.7.7/antlr-2.7.7.jar:/Users/mutuba/.m2/repository/org/jboss/jandex/2.1.3.Final/jandex-2.1.3.Final.jar:/Users/mutuba/.m2/repository/org/dom4j/dom4j/2.1.3/dom4j-2.1.3.jar:/Users/mutuba/.m2/repository/org/hibernate/common/hibernate-commons-annotations/5.1.0.Final/hibernate-commons-annotations-5.1.0.Final.jar:/Users/mutuba/.m2/repository/org/glassfish/jaxb/jaxb-runtime/2.3.3/jaxb-runtime-2.3.3.jar:/Users/mutuba/.m2/repository/org/glassfish/jaxb/txw2/2.3.3/txw2-2.3.3.jar:/Users/mutuba/.m2/repository/com/sun/istack/istack-commons-runtime/3.0.11/istack-commons-runtime-3.0.11.jar:/Users/mutuba/.m2/repository/org/springframework/data/spring-data-jpa/2.3.3.RELEASE/spring-data-jpa-2.3.3.RELEASE.jar:/Users/mutuba/.m2/repository/org/springframework/data/spring-data-commons/2.3.3.RELEASE/spring-data-commons-2.3.3.RELEASE.jar:/Users/mutuba/.m2/repository/org/springframework/spring-orm/5.2.8.RELEASE/spring-orm-5.2.8.RELEASE.jar:/Users/mutuba/.m2/repository/org/springframework/spring-context/5.2.8.RELEASE/spring-context-5.2.8.RELEASE.jar:/Users/mutuba/.m2/repository/org/springframework/spring-tx/5.2.8.RELEASE/spring-tx-5.2.8.RELEASE.jar:/Users/mutuba/.m2/repository/org/springframework/spring-beans/5.2.8.RELEASE/spring-beans-5.2.8.RELEASE.jar:/Users/mutuba/.m2/repository/org/springframework/spring-aspects/5.2.8.RELEASE/spring-aspects-5.2.8.RELEASE.jar:/Users/mutuba/.m2/repository/org/springframework/boot/spring-boot-starter-mail/2.3.3.RELEASE/spring-boot-starter-mail-2.3.3.RELEASE.jar:/Users/mutuba/.m2/repository/org/springframework/boot/spring-boot-starter/2.3.3.RELEASE/spring-boot-starter-2.3.3.RELEASE.jar:/Users/mutuba/.m2/repository/org/springframework/boot/spring-boot-starter-logging/2.3.3.RELEASE/spring-boot-starter-logging-2.3.3.RELEASE.jar:/Users/mutuba/.m2/repository/ch/qos/logback/logback-classic/1.2.3/logback-classic-1.2.3.jar:/Users/mutuba/.m2/repository/ch/qos/logback/logback-core/1.2.3/logback-core-1.2.3.jar:/Users/mutuba/.m2/repository/org/apache/logging/log4j/log4j-to-slf4j/2.13.3/log4j-to-slf4j-2.13.3.jar:/Users/mutuba/.m2/repository/org/apache/logging/log4j/log4j-api/2.13.3/log4j-api-2.13.3.jar:/Users/mutuba/.m2/repository/org/slf4j/jul-to-slf4j/1.7.30/jul-to-slf4j-1.7.30.jar:/Users/mutuba/.m2/repository/jakarta/annotation/jakarta.annotation-api/1.3.5/jakarta.annotation-api-1.3.5.jar:/Users/mutuba/.m2/repository/org/yaml/snakeyaml/1.26/snakeyaml-1.26.jar:/Users/mutuba/.m2/repository/org/springframework/spring-context-support/5.2.8.RELEASE/spring-context-support-5.2.8.RELEASE.jar:/Users/mutuba/.m2/repository/com/sun/mail/jakarta.mail/1.6.5/jakarta.mail-1.6.5.jar:/Users/mutuba/.m2/repository/com/sun/activation/jakarta.activation/1.2.2/jakarta.activation-1.2.2.jar:/Users/mutuba/.m2/repository/org/springframework/boot/spring-boot-starter-security/2.3.3.RELEASE/spring-boot-starter-security-2.3.3.RELEASE.jar:/Users/mutuba/.m2/repository/org/springframework/spring-aop/5.2.8.RELEASE/spring-aop-5.2.8.RELEASE.jar:/Users/mutuba/.m2/repository/org/springframework/security/spring-security-config/5.3.4.RELEASE/spring-security-config-5.3.4.RELEASE.jar:/Users/mutuba/.m2/repository/org/springframework/security/spring-security-web/5.3.4.RELEASE/spring-security-web-5.3.4.RELEASE.jar:/Users/mutuba/.m2/repository/org/springframework/spring-expression/5.2.8.RELEASE/spring-expression-5.2.8.RELEASE.jar:/Users/mutuba/.m2/repository/org/springframework/boot/spring-boot-starter-thymeleaf/2.3.3.RELEASE/spring-boot-starter-thymeleaf-2.3.3.RELEASE.jar:/Users/mutuba/.m2/repository/org/thymeleaf/thymeleaf-spring5/3.0.11.RELEASE/thymeleaf-spring5-3.0.11.RELEASE.jar:/Users/mutuba/.m2/repository/org/thymeleaf/thymeleaf/3.0.11.RELEASE/thymeleaf-3.0.11.RELEASE.jar:/Users/mutuba/.m2/repository/org/attoparser/attoparser/2.0.5.RELEASE/attoparser-2.0.5.RELEASE.jar:/Users/mutuba/.m2/repository/org/unbescape/unbescape/1.1.6.RELEASE/unbescape-1.1.6.RELEASE.jar:/Users/mutuba/.m2/repository/org/thymeleaf/extras/thymeleaf-extras-java8time/3.0.4.RELEASE/thymeleaf-extras-java8time-3.0.4.RELEASE.jar:/Users/mutuba/.m2/repository/org/springframework/boot/spring-boot-starter-web/2.3.3.RELEASE/spring-boot-starter-web-2.3.3.RELEASE.jar:/Users/mutuba/.m2/repository/org/springframework/boot/spring-boot-starter-json/2.3.3.RELEASE/spring-boot-starter-json-2.3.3.RELEASE.jar:/Users/mutuba/.m2/repository/com/fasterxml/jackson/datatype/jackson-datatype-jdk8/2.11.2/jackson-datatype-jdk8-2.11.2.jar:/Users/mutuba/.m2/repository/com/fasterxml/jackson/datatype/jackson-datatype-jsr310/2.11.2/jackson-datatype-jsr310-2.11.2.jar:/Users/mutuba/.m2/repository/com/fasterxml/jackson/module/jackson-module-parameter-names/2.11.2/jackson-module-parameter-names-2.11.2.jar:/Users/mutuba/.m2/repository/org/springframework/boot/spring-boot-starter-tomcat/2.3.3.RELEASE/spring-boot-starter-tomcat-2.3.3.RELEASE.jar:/Users/mutuba/.m2/repository/org/apache/tomcat/embed/tomcat-embed-core/9.0.37/tomcat-embed-core-9.0.37.jar:/Users/mutuba/.m2/repository/org/apache/tomcat/embed/tomcat-embed-websocket/9.0.37/tomcat-embed-websocket-9.0.37.jar:/Users/mutuba/.m2/repository/org/springframework/spring-web/5.2.8.RELEASE/spring-web-5.2.8.RELEASE.jar:/Users/mutuba/.m2/repository/org/springframework/spring-webmvc/5.2.8.RELEASE/spring-webmvc-5.2.8.RELEASE.jar:/Users/mutuba/.m2/repository/org/springframework/boot/spring-boot-devtools/2.3.3.RELEASE/spring-boot-devtools-2.3.3.RELEASE.jar:/Users/mutuba/.m2/repository/org/springframework/boot/spring-boot/2.3.3.RELEASE/spring-boot-2.3.3.RELEASE.jar:/Users/mutuba/.m2/repository/org/springframework/boot/spring-boot-autoconfigure/2.3.3.RELEASE/spring-boot-autoconfigure-2.3.3.RELEASE.jar:/Users/mutuba/.m2/repository/com/h2database/h2/1.4.200/h2-1.4.200.jar:/Users/mutuba/.m2/repository/mysql/mysql-connector-java/8.0.21/mysql-connector-java-8.0.21.jar:/Users/mutuba/.m2/repository/org/springframework/boot/spring-boot-configuration-processor/2.3.3.RELEASE/spring-boot-configuration-processor-2.3.3.RELEASE.jar:/Users/mutuba/.m2/repository/org/projectlombok/lombok/1.18.12/lombok-1.18.12.jar:/Users/mutuba/.m2/repository/org/springframework/boot/spring-boot-starter-test/2.3.3.RELEASE/spring-boot-starter-test-2.3.3.RELEASE.jar:/Users/mutuba/.m2/repository/org/springframework/boot/spring-boot-test/2.3.3.RELEASE/spring-boot-test-2.3.3.RELEASE.jar:/Users/mutuba/.m2/repository/org/springframework/boot/spring-boot-test-autoconfigure/2.3.3.RELEASE/spring-boot-test-autoconfigure-2.3.3.RELEASE.jar:/Users/mutuba/.m2/repository/jakarta/xml/bind/jakarta.xml.bind-api/2.3.3/jakarta.xml.bind-api-2.3.3.jar:/Users/mutuba/.m2/repository/jakarta/activation/jakarta.activation-api/1.2.2/jakarta.activation-api-1.2.2.jar:/Users/mutuba/.m2/repository/org/assertj/assertj-core/3.16.1/assertj-core-3.16.1.jar:/Users/mutuba/.m2/repository/org/hamcrest/hamcrest/2.2/hamcrest-2.2.jar:/Users/mutuba/.m2/repository/org/mockito/mockito-core/3.3.3/mockito-core-3.3.3.jar:/Users/mutuba/.m2/repository/net/bytebuddy/byte-buddy-agent/1.10.14/byte-buddy-agent-1.10.14.jar:/Users/mutuba/.m2/repository/org/objenesis/objenesis/2.6/objenesis-2.6.jar:/Users/mutuba/.m2/repository/org/mockito/mockito-junit-jupiter/3.3.3/mockito-junit-jupiter-3.3.3.jar:/Users/mutuba/.m2/repository/org/skyscreamer/jsonassert/1.5.0/jsonassert-1.5.0.jar:/Users/mutuba/.m2/repository/com/vaadin/external/google/android-json/0.0.20131108.vaadin1/android-json-0.0.20131108.vaadin1.jar:/Users/mutuba/.m2/repository/org/springframework/spring-core/5.2.8.RELEASE/spring-core-5.2.8.RELEASE.jar:/Users/mutuba/.m2/repository/org/springframework/spring-jcl/5.2.8.RELEASE/spring-jcl-5.2.8.RELEASE.jar:/Users/mutuba/.m2/repository/org/springframework/spring-test/5.2.8.RELEASE/spring-test-5.2.8.RELEASE.jar:/Users/mutuba/.m2/repository/org/xmlunit/xmlunit-core/2.7.0/xmlunit-core-2.7.0.jar:/Users/mutuba/.m2/repository/org/springframework/security/spring-security-test/5.3.4.RELEASE/spring-security-test-5.3.4.RELEASE.jar:/Users/mutuba/.m2/repository/org/springframework/security/spring-security-core/5.3.4.RELEASE/spring-security-core-5.3.4.RELEASE.jar:/Users/mutuba/.m2/repository/com/github/javafaker/javafaker/0.12/javafaker-0.12.jar:/Users/mutuba/.m2/repository/org/apache/commons/commons-lang3/3.10/commons-lang3-3.10.jar:/Users/mutuba/.m2/repository/com/github/mifmif/generex/1.0.2/generex-1.0.2.jar:/Users/mutuba/.m2/repository/dk/brics/automaton/automaton/1.11-8/automaton-1.11-8.jar:/Users/mutuba/.m2/repository/io/jsonwebtoken/jjwt/0.9.0/jjwt-0.9.0.jar:/Users/mutuba/.m2/repository/com/fasterxml/jackson/core/jackson-databind/2.11.2/jackson-databind-2.11.2.jar:/Users/mutuba/.m2/repository/com/fasterxml/jackson/core/jackson-annotations/2.11.2/jackson-annotations-2.11.2.jar:/Users/mutuba/.m2/repository/com/fasterxml/jackson/core/jackson-core/2.11.2/jackson-core-2.11.2.jar:/Users/mutuba/.m2/repository/org/springframework/boot/spring-boot-starter-validation/2.3.3.RELEASE/spring-boot-starter-validation-2.3.3.RELEASE.jar:/Users/mutuba/.m2/repository/org/glassfish/jakarta.el/3.0.3/jakarta.el-3.0.3.jar:/Users/mutuba/.m2/repository/com/github/marlonlom/timeago/4.0.1/timeago-4.0.1.jar:/Users/mutuba/.m2/repository/io/springfox/springfox-swagger2/2.9.2/springfox-swagger2-2.9.2.jar:/Users/mutuba/.m2/repository/io/swagger/swagger-annotations/1.5.20/swagger-annotations-1.5.20.jar:/Users/mutuba/.m2/repository/io/swagger/swagger-models/1.5.20/swagger-models-1.5.20.jar:/Users/mutuba/.m2/repository/io/springfox/springfox-spi/2.9.2/springfox-spi-2.9.2.jar:/Users/mutuba/.m2/repository/io/springfox/springfox-core/2.9.2/springfox-core-2.9.2.jar:/Users/mutuba/.m2/repository/io/springfox/springfox-schema/2.9.2/springfox-schema-2.9.2.jar:/Users/mutuba/.m2/repository/io/springfox/springfox-swagger-common/2.9.2/springfox-swagger-common-2.9.2.jar:/Users/mutuba/.m2/repository/io/springfox/springfox-spring-web/2.9.2/springfox-spring-web-2.9.2.jar:/Users/mutuba/.m2/repository/com/google/guava/guava/20.0/guava-20.0.jar:/Users/mutuba/.m2/repository/com/fasterxml/classmate/1.5.1/classmate-1.5.1.jar:/Users/mutuba/.m2/repository/org/slf4j/slf4j-api/1.7.30/slf4j-api-1.7.30.jar:/Users/mutuba/.m2/repository/org/springframework/plugin/spring-plugin-core/1.2.0.RELEASE/spring-plugin-core-1.2.0.RELEASE.jar:/Users/mutuba/.m2/repository/org/springframework/plugin/spring-plugin-metadata/1.2.0.RELEASE/spring-plugin-metadata-1.2.0.RELEASE.jar:/Users/mutuba/.m2/repository/org/mapstruct/mapstruct/1.2.0.Final/mapstruct-1.2.0.Final.jar:/Users/mutuba/.m2/repository/io/springfox/springfox-swagger-ui/2.0.2/springfox-swagger-ui-2.0.2.jar:/Users/mutuba/.m2/repository/com/icegreen/greenmail/1.3/greenmail-1.3.jar:/Users/mutuba/.m2/repository/javax/mail/mail/1.4/mail-1.4.jar:/Users/mutuba/.m2/repository/javax/activation/activation/1.1/activation-1.1.jar:/Users/mutuba/.m2/repository/org/springframework/boot/spring-boot-starter-actuator/2.3.3.RELEASE/spring-boot-starter-actuator-2.3.3.RELEASE.jar:/Users/mutuba/.m2/repository/org/springframework/boot/spring-boot-actuator-autoconfigure/2.3.3.RELEASE/spring-boot-actuator-autoconfigure-2.3.3.RELEASE.jar:/Users/mutuba/.m2/repository/org/springframework/boot/spring-boot-actuator/2.3.3.RELEASE/spring-boot-actuator-2.3.3.RELEASE.jar:/Users/mutuba/.m2/repository/io/micrometer/micrometer-core/1.5.4/micrometer-core-1.5.4.jar:/Users/mutuba/.m2/repository/org/hdrhistogram/HdrHistogram/2.1.12/HdrHistogram-2.1.12.jar:/Users/mutuba/.m2/repository/org/latencyutils/LatencyUtils/2.0.3/LatencyUtils-2.0.3.jar:/Users/mutuba/.m2/repository/com/jayway/jsonpath/json-path/2.2.0/json-path-2.2.0.jar:/Users/mutuba/.m2/repository/net/minidev/json-smart/2.3/json-smart-2.3.jar:/Users/mutuba/.m2/repository/net/minidev/accessors-smart/1.2/accessors-smart-1.2.jar:/Users/mutuba/.m2/repository/org/ow2/asm/asm/5.0.4/asm-5.0.4.jar:/Users/mutuba/.m2/repository/org/testng/testng/6.9.13.6/testng-6.9.13.6.jar:/Users/mutuba/.m2/repository/com/beust/jcommander/1.48/jcommander-1.48.jar:/Users/mutuba/.m2/repository/org/apache/ant/ant/1.9.7/ant-1.9.7.jar:/Users/mutuba/.m2/repository/org/apache/ant/ant-launcher/1.9.7/ant-launcher-1.9.7.jar:/Users/mutuba/.m2/repository/org/beanshell/bsh/2.0b4/bsh-2.0b4.jar:/Users/mutuba/.m2/repository/io/rest-assured/rest-assured/3.3.0/rest-assured-3.3.0.jar:/Users/mutuba/.m2/repository/org/codehaus/groovy/groovy/2.5.13/groovy-2.5.13.jar:/Users/mutuba/.m2/repository/org/codehaus/groovy/groovy-xml/2.5.13/groovy-xml-2.5.13.jar:/Users/mutuba/.m2/repository/org/apache/httpcomponents/httpclient/4.5.12/httpclient-4.5.12.jar:/Users/mutuba/.m2/repository/org/apache/httpcomponents/httpcore/4.4.13/httpcore-4.4.13.jar:/Users/mutuba/.m2/repository/commons-codec/commons-codec/1.14/commons-codec-1.14.jar:/Users/mutuba/.m2/repository/org/apache/httpcomponents/httpmime/4.5.12/httpmime-4.5.12.jar:/Users/mutuba/.m2/repository/org/hamcrest/hamcrest-core/2.2/hamcrest-core-2.2.jar:/Users/mutuba/.m2/repository/org/ccil/cowan/tagsoup/tagsoup/1.2.1/tagsoup-1.2.1.jar:/Users/mutuba/.m2/repository/io/rest-assured/json-path/3.3.0/json-path-3.3.0.jar:/Users/mutuba/.m2/repository/org/codehaus/groovy/groovy-json/2.5.13/groovy-json-2.5.13.jar:/Users/mutuba/.m2/repository/io/rest-assured/rest-assured-common/3.3.0/rest-assured-common-3.3.0.jar:/Users/mutuba/.m2/repository/io/rest-assured/xml-path/3.3.0/xml-path-3.3.0.jar:/Users/mutuba/.m2/repository/javax/xml/bind/jaxb-api/2.3.1/jaxb-api-2.3.1.jar:/Users/mutuba/.m2/repository/javax/activation/javax.activation-api/1.2.0/javax.activation-api-1.2.0.jar:/Users/mutuba/.m2/repository/com/sun/xml/bind/jaxb-osgi/2.2.10/jaxb-osgi-2.2.10.jar:/Users/mutuba/.m2/repository/org/apache/sling/org.apache.sling.javax.activation/0.1.0/org.apache.sling.javax.activation-0.1.0.jar:/Users/mutuba/.m2/repository/org/hamcrest/hamcrest-library/1.3/hamcrest-library-1.3.jar:/Users/mutuba/.m2/repository/org/jetbrains/spek/spek-junit-platform-engine/1.1.5/spek-junit-platform-engine-1.1.5.jar:/Users/mutuba/.m2/repository/org/jetbrains/kotlin/kotlin-stdlib/1.3.72/kotlin-stdlib-1.3.72.jar:/Users/mutuba/.m2/repository/org/jetbrains/kotlin/kotlin-stdlib-common/1.3.72/kotlin-stdlib-common-1.3.72.jar:/Users/mutuba/.m2/repository/org/jetbrains/annotations/13.0/annotations-13.0.jar:/Users/mutuba/.m2/repository/org/jetbrains/kotlin/kotlin-reflect/1.3.72/kotlin-reflect-1.3.72.jar:/Users/mutuba/.m2/repository/org/jetbrains/spek/spek-api/1.1.5/spek-api-1.1.5.jar:/Users/mutuba/.m2/repository/org/apache/maven/plugins/maven-failsafe-plugin/3.0.0-M5/maven-failsafe-plugin-3.0.0-M5.jar:/Users/mutuba/.m2/repository/org/apache/maven/surefire/maven-surefire-common/3.0.0-M5/maven-surefire-common-3.0.0-M5.jar:/Users/mutuba/.m2/repository/org/apache/maven/surefire/surefire-api/3.0.0-M5/surefire-api-3.0.0-M5.jar:/Users/mutuba/.m2/repository/org/apache/maven/surefire/surefire-logger-api/3.0.0-M5/surefire-logger-api-3.0.0-M5.jar:/Users/mutuba/.m2/repository/org/apache/maven/surefire/surefire-extensions-api/3.0.0-M5/surefire-extensions-api-3.0.0-M5.jar:/Users/mutuba/.m2/repository/org/apache/maven/surefire/surefire-booter/3.0.0-M5/surefire-booter-3.0.0-M5.jar:/Users/mutuba/.m2/repository/org/apache/maven/surefire/surefire-extensions-spi/3.0.0-M5/surefire-extensions-spi-3.0.0-M5.jar:/Users/mutuba/.m2/repository/org/apache/maven/maven-toolchain/3.0-alpha-2/maven-toolchain-3.0-alpha-2.jar:/Users/mutuba/.m2/repository/org/apache/maven/shared/maven-artifact-transfer/0.11.0/maven-artifact-transfer-0.11.0.jar:/Users/mutuba/.m2/repository/org/apache/maven/shared/maven-common-artifact-filters/3.0.1/maven-common-artifact-filters-3.0.1.jar:/Users/mutuba/.m2/repository/org/apache/maven/maven-model/3.0/maven-model-3.0.jar:/Users/mutuba/.m2/repository/org/apache/maven/maven-plugin-api/3.0/maven-plugin-api-3.0.jar:/Users/mutuba/.m2/repository/org/sonatype/sisu/sisu-inject-plexus/1.4.2/sisu-inject-plexus-1.4.2.jar:/Users/mutuba/.m2/repository/org/codehaus/plexus/plexus-classworlds/2.2.3/plexus-classworlds-2.2.3.jar:/Users/mutuba/.m2/repository/org/sonatype/sisu/sisu-inject-bean/1.4.2/sisu-inject-bean-1.4.2.jar:/Users/mutuba/.m2/repository/org/sonatype/sisu/sisu-guice/2.1.7/sisu-guice-2.1.7-noaop.jar:/Users/mutuba/.m2/repository/org/apache/maven/shared/maven-shared-utils/3.1.0/maven-shared-utils-3.1.0.jar:/Users/mutuba/.m2/repository/commons-io/commons-io/2.5/commons-io-2.5.jar:/Users/mutuba/.m2/repository/org/codehaus/plexus/plexus-java/1.0.5/plexus-java-1.0.5.jar:/Users/mutuba/.m2/repository/com/thoughtworks/qdox/qdox/2.0-M9/qdox-2.0-M9.jar:/Users/mutuba/.m2/repository/org/apache/maven/surefire/surefire-shared-utils/3.0.0-M4/surefire-shared-utils-3.0.0-M4.jar:/Users/mutuba/.m2/repository/junit/junit/4.13/junit-4.13.jar:/Users/mutuba/.m2/repository/org/junit/jupiter/junit-jupiter/5.6.0/junit-jupiter-5.6.0.jar:/Users/mutuba/.m2/repository/org/junit/jupiter/junit-jupiter-api/5.6.2/junit-jupiter-api-5.6.2.jar:/Users/mutuba/.m2/repository/org/opentest4j/opentest4j/1.2.0/opentest4j-1.2.0.jar:/Users/mutuba/.m2/repository/org/junit/platform/junit-platform-commons/1.6.2/junit-platform-commons-1.6.2.jar:/Users/mutuba/.m2/repository/org/junit/jupiter/junit-jupiter-params/5.6.2/junit-jupiter-params-5.6.2.jar:/Users/mutuba/.m2/repository/org/junit/jupiter/junit-jupiter-engine/5.6.2/junit-jupiter-engine-5.6.2.jar:/Users/mutuba/.m2/repository/org/junit/platform/junit-platform-launcher/1.6.2/junit-platform-launcher-1.6.2.jar:/Users/mutuba/.m2/repository/org/apiguardian/apiguardian-api/1.1.0/apiguardian-api-1.1.0.jar:/Users/mutuba/.m2/repository/org/junit/platform/junit-platform-engine/1.6.2/junit-platform-engine-1.6.2.jar:/Users/mutuba/.m2/repository/org/hsqldb/hsqldb/2.5.1/hsqldb-2.5.1.jar:/Users/mutuba/.m2/repository/org/hibernate/validator/hibernate-validator/6.0.13.Final/hibernate-validator-6.0.13.Final.jar:/Users/mutuba/.m2/repository/javax/validation/validation-api/2.0.1.Final/validation-api-2.0.1.Final.jar:/Users/mutuba/.m2/repository/org/jboss/logging/jboss-logging/3.4.1.Final/jboss-logging-3.4.1.Final.jar:/Users/mutuba/.m2/repository/org/glassfish/javax.el/3.0.0/javax.el-3.0.0.jar:/Users/mutuba/.m2/repository/nl/jqno/equalsverifier/equalsverifier/3.0.3/equalsverifier-3.0.3.jar:"/>
    <property name="sun.cpu.endian" value="little"/>
    <property name="user.home" value="/Users/mutuba"/>
    <property name="user.language" value="en"/>
    <property name="java.specification.vendor" value="Oracle Corporation"/>
    <property name="java.version.date" value="2020-07-14"/>
    <property name="java.home" value="/Library/Java/JavaVirtualMachines/adoptopenjdk-11.jdk/Contents/Home"/>
    <property name="file.separator" value="/"/>
    <property name="basedir" value="/Users/mutuba/Desktop/projects/redditClone"/>
    <property name="java.vm.compressedOopsMode" value="Zero based"/>
    <property name="line.separator" value="&#10;"/>
    <property name="java.specification.name" value="Java Platform API Specification"/>
    <property name="java.vm.specification.vendor" value="Oracle Corporation"/>
    <property name="java.awt.graphicsenv" value="sun.awt.CGraphicsEnvironment"/>
    <property name="surefire.real.class.path" value="/Users/mutuba/Desktop/projects/redditClone/target/surefire/surefirebooter6805265641678763777.jar"/>
    <property name="sun.management.compiler" value="HotSpot 64-Bit Tiered Compilers"/>
    <property name="ftp.nonProxyHosts" value="local|*.local|169.254/16|*.169.254/16"/>
    <property name="java.runtime.version" value="11.0.8+10"/>
    <property name="user.name" value="mutuba"/>
    <property name="path.separator" value=":"/>
    <property name="os.version" value="10.14.6"/>
    <property name="java.runtime.name" value="OpenJDK Runtime Environment"/>
    <property name="file.encoding" value="UTF-8"/>
    <property name="java.vm.name" value="OpenJDK 64-Bit Server VM"/>
    <property name="java.vendor.version" value="AdoptOpenJDK"/>
    <property name="localRepository" value="/Users/mutuba/.m2/repository"/>
    <property name="java.vendor.url.bug" value="https://github.com/AdoptOpenJDK/openjdk-support/issues"/>
    <property name="java.io.tmpdir" value="/var/folders/ds/xtlkspxx1d53br5xz5hxtl1h0000gn/T/"/>
    <property name="java.version" value="11.0.8"/>
    <property name="user.dir" value="/Users/mutuba/Desktop/projects/redditClone"/>
    <property name="os.arch" value="x86_64"/>
    <property name="java.vm.specification.name" value="Java Virtual Machine Specification"/>
    <property name="java.awt.printerjob" value="sun.lwawt.macosx.CPrinterJob"/>
    <property name="sun.os.patch.level" value="unknown"/>
    <property name="java.library.path" value="/Users/mutuba/Library/Java/Extensions:/Library/Java/Extensions:/Network/Library/Java/Extensions:/System/Library/Java/Extensions:/usr/lib/java:."/>
    <property name="java.vm.info" value="mixed mode"/>
    <property name="java.vendor" value="AdoptOpenJDK"/>
    <property name="java.vm.version" value="11.0.8+10"/>
    <property name="sun.io.unicode.encoding" value="UnicodeBig"/>
    <property name="java.class.version" value="55.0"/>
    <property name="socksNonProxyHosts" value="local|*.local|169.254/16|*.169.254/16"/>
  </properties>
  <testcase name="testVoteDTOAttributes on testVoteDTOAttributes(com.example.redditClone.dto.VoteDTOTest)" classname="com.example.redditClone.dto.VoteDTOTest" time="0.009"/>
  <testcase name="testPostResponseBuilderPatternToStringMethod on testPostResponseBuilderPatternToStringMethod(com.example.redditClone.dto.PostResponseTest)" classname="com.example.redditClone.dto.PostResponseTest" time="0.064"/>
  <testcase name="testPostRequestsetterMethods on testPostRequestsetterMethods(com.example.redditClone.dto.PostResponseTest)" classname="com.example.redditClone.dto.PostResponseTest" time="0"/>
  <testcase name="testBuilderPatternToStringMethod on testBuilderPatternToStringMethod(com.example.redditClone.dto.AuthenticationResponseTest)" classname="com.example.redditClone.dto.AuthenticationResponseTest" time="0.026"/>
  <testcase name="testSetterMethods on testSetterMethods(com.example.redditClone.dto.AuthenticationResponseTest)" classname="com.example.redditClone.dto.AuthenticationResponseTest" time="0.001"/>
  <testcase name="testSetterMethds on testSetterMethds(com.example.redditClone.dto.LoginRequestTest)" classname="com.example.redditClone.dto.LoginRequestTest" time="0.002"/>
  <testcase name="testSettterMethods on testSettterMethods(com.example.redditClone.dto.ApiResponseTest)" classname="com.example.redditClone.dto.ApiResponseTest" time="0.001"/>
  <testcase name="testUserSummarySetterMethods on testUserSummarySetterMethods(com.example.redditClone.dto.UserSummaryTest)" classname="com.example.redditClone.dto.UserSummaryTest" time="0.001"/>
  <testcase name="testBuilderPattern on testBuilderPattern(com.example.redditClone.dto.RefreshTokenRequestTest)" classname="com.example.redditClone.dto.RefreshTokenRequestTest" time="0.007"/>
  <testcase name="testSetterMethods on testSetterMethods(com.example.redditClone.dto.RefreshTokenRequestTest)" classname="com.example.redditClone.dto.RefreshTokenRequestTest" time="0.001"/>
  <testcase name="testSetterMethds on testSetterMethds(com.example.redditClone.dto.RegistrationRequestTest)" classname="com.example.redditClone.dto.RegistrationRequestTest" time="0.001"/>
  <testcase name="testCommentResponseSetterMethods on testCommentResponseSetterMethods(com.example.redditClone.dto.CommentRequestTest)" classname="com.example.redditClone.dto.CommentRequestTest" time="0.001"/>
  <testcase name="testCommentRequestBuilderToStringMethod on testCommentRequestBuilderToStringMethod(com.example.redditClone.dto.CommentRequestTest)" classname="com.example.redditClone.dto.CommentRequestTest" time="0.017"/>
  <testcase name="testSubredditDTOBuilderPatternToStringMethod on testSubredditDTOBuilderPatternToStringMethod(com.example.redditClone.dto.SubredditDTOTest)" classname="com.example.redditClone.dto.SubredditDTOTest" time="0.02"/>
  <testcase name="testSubredditDTOSetterMethods on testSubredditDTOSetterMethods(com.example.redditClone.dto.SubredditDTOTest)" classname="com.example.redditClone.dto.SubredditDTOTest" time="0"/>
  <testcase name="testPostRequestBuilderPatternToStringMethod on testPostRequestBuilderPatternToStringMethod(com.example.redditClone.dto.PostRequestTest)" classname="com.example.redditClone.dto.PostRequestTest" time="0.003"/>
  <testcase name="testPostRequestsetterMethods on testPostRequestsetterMethods(com.example.redditClone.dto.PostRequestTest)" classname="com.example.redditClone.dto.PostRequestTest" time="0.001"/>
  <testcase name="testCommentResponseSetterMethods on testCommentResponseSetterMethods(com.example.redditClone.dto.CommentResponseTest)" classname="com.example.redditClone.dto.CommentResponseTest" time="0.001"/>
  <testcase name="testCommentResponseBuilderToStringMethod on testCommentResponseBuilderToStringMethod(com.example.redditClone.dto.CommentResponseTest)" classname="com.example.redditClone.dto.CommentResponseTest" time="0.002"/>
  <testcase name="shouldThrowIllegalArgumentExceptionWhenInvalidSignature on shouldThrowIllegalArgumentExceptionWhenInvalidSignature(com.example.redditClone.security.JwtTokenProviderTest)" classname="com.example.redditClone.security.JwtTokenProviderTest" time="0.32"/>
  <testcase name="shouldThrowMalformedExceptionWhenInvalidSignature on shouldThrowMalformedExceptionWhenInvalidSignature(com.example.redditClone.security.JwtTokenProviderTest)" classname="com.example.redditClone.security.JwtTokenProviderTest" time="0.013"/>
  <testcase name="shouldThrowInvalidSignatureExceptionWhenInvalidSignature on shouldThrowInvalidSignatureExceptionWhenInvalidSignature(com.example.redditClone.security.JwtTokenProviderTest)" classname="com.example.redditClone.security.JwtTokenProviderTest" time="0.048"/>
  <testcase name="shouldThrowExpiredJwtExceptionWhenTokenHasExpired on shouldThrowExpiredJwtExceptionWhenTokenHasExpired(com.example.redditClone.security.JwtTokenProviderTest)" classname="com.example.redditClone.security.JwtTokenProviderTest" time="0.008"/>
  <testcase name="shouldGetUserIdFromTokenWhenValidJwtToken on shouldGetUserIdFromTokenWhenValidJwtToken(com.example.redditClone.security.JwtTokenProviderTest)" classname="com.example.redditClone.security.JwtTokenProviderTest" time="0.01"/>
  <testcase name="shouldReturnTrueWhenTokenIsValid on shouldReturnTrueWhenTokenIsValid(com.example.redditClone.security.JwtTokenProviderTest)" classname="com.example.redditClone.security.JwtTokenProviderTest" time="0.008"/>
  <testcase name="testCreatePostWithSetterMethods on testCreatePostWithSetterMethods(com.example.redditClone.models.SubredditTest)" classname="com.example.redditClone.models.SubredditTest" time="0.705"/>
  <testcase name="testCreatePostWithBuilderPattern on testCreatePostWithBuilderPattern(com.example.redditClone.models.SubredditTest)" classname="com.example.redditClone.models.SubredditTest" time="0.102"/>
  <testcase name="testCreatePostWithAllArgsConstructorArgs on testCreatePostWithAllArgsConstructorArgs(com.example.redditClone.models.SubredditTest)" classname="com.example.redditClone.models.SubredditTest" time="0.055"/>
  <testcase name="testCreatePostWithBuilderPatternToString on testCreatePostWithBuilderPatternToString(com.example.redditClone.models.SubredditTest)" classname="com.example.redditClone.models.SubredditTest" time="0.299"/>
  <testcase name="testCreatePostWithBuilderPattern on testCreatePostWithBuilderPattern(com.example.redditClone.models.VoteTest)" classname="com.example.redditClone.models.VoteTest" time="0.045"/>
  <testcase name="testCreateVoteWithBuilderPatternToString on testCreateVoteWithBuilderPatternToString(com.example.redditClone.models.VoteTest)" classname="com.example.redditClone.models.VoteTest" time="0.053"/>
  <testcase name="testCreatePostWithAllArgsConstructorArgs on testCreatePostWithAllArgsConstructorArgs(com.example.redditClone.models.VoteTest)" classname="com.example.redditClone.models.VoteTest" time="0.053"/>
  <testcase name="testCreateVoteWithSetterMethods on testCreateVoteWithSetterMethods(com.example.redditClone.models.VoteTest)" classname="com.example.redditClone.models.VoteTest" time="0.103"/>
  <testcase name="saveUser on saveUser(com.example.redditClone.models.UserEntityTest)" classname="com.example.redditClone.models.UserEntityTest" time="0.048"/>
  <testcase name="whenBlankUserName_and_Email_thenOneConstraintViolation on whenBlankUserName_and_Email_thenOneConstraintViolation(com.example.redditClone.models.UserEntityTest)" classname="com.example.redditClone.models.UserEntityTest" time="0.011"/>
  <testcase name="saveUserWithCustomUserID on saveUserWithCustomUserID(com.example.redditClone.models.UserEntityTest)" classname="com.example.redditClone.models.UserEntityTest" time="0.044"/>
  <testcase name="when_ID_AccountStatus_and_CreationDate_Are_Set on when_ID_AccountStatus_and_CreationDate_Are_Set(com.example.redditClone.models.UserEntityTest)" classname="com.example.redditClone.models.UserEntityTest" time="0.045"/>
  <testcase name="testCreateVoteWithBuilderPatternToString on testCreateVoteWithBuilderPatternToString(com.example.redditClone.models.NotificationEmailTest)" classname="com.example.redditClone.models.NotificationEmailTest" time="0"/>
  <testcase name="testEqualsMethodContracts on testEqualsMethodContracts(com.example.redditClone.models.NotificationEmailTest)" classname="com.example.redditClone.models.NotificationEmailTest" time="0"/>
  <testcase name="testCreateNotificationEmailUsingSetterMethod on testCreateNotificationEmailUsingSetterMethod(com.example.redditClone.models.NotificationEmailTest)" classname="com.example.redditClone.models.NotificationEmailTest" time="0"/>
  <testcase name="testCreateCommentWithAllArgsConstructorArgs on testCreateCommentWithAllArgsConstructorArgs(com.example.redditClone.models.NotificationEmailTest)" classname="com.example.redditClone.models.NotificationEmailTest" time="0"/>
  <testcase name="testCreateCommentWithBuilderPattern on testCreateCommentWithBuilderPattern(com.example.redditClone.models.CommentTest)" classname="com.example.redditClone.models.CommentTest" time="0.045"/>
  <testcase name="testCreateVoteWithBuilderPatternToString on testCreateVoteWithBuilderPatternToString(com.example.redditClone.models.CommentTest)" classname="com.example.redditClone.models.CommentTest" time="0.248"/>
  <testcase name="testEqualsMethodContracts on testEqualsMethodContracts(com.example.redditClone.models.CommentTest)" classname="com.example.redditClone.models.CommentTest" time="0.05"/>
  <testcase name="testCreateCommentWithAllArgsConstructorArgs on testCreateCommentWithAllArgsConstructorArgs(com.example.redditClone.models.CommentTest)" classname="com.example.redditClone.models.CommentTest" time="0.05"/>
  <testcase name="testHashCodeMethodContracts on testHashCodeMethodContracts(com.example.redditClone.models.CommentTest)" classname="com.example.redditClone.models.CommentTest" time="0.045"/>
  <testcase name="testCreateCommentWithSetterMethods on testCreateCommentWithSetterMethods(com.example.redditClone.models.CommentTest)" classname="com.example.redditClone.models.CommentTest" time="0.012"/>
  <testcase name="testCreatePostWithSetterMethods on testCreatePostWithSetterMethods(com.example.redditClone.models.PostTest)" classname="com.example.redditClone.models.PostTest" time="0.049"/>
  <testcase name="testCreatePostWithBuilderPattern on testCreatePostWithBuilderPattern(com.example.redditClone.models.PostTest)" classname="com.example.redditClone.models.PostTest" time="0.014"/>
  <testcase name="testCreatePostWithAllArgsConstructorArgs on testCreatePostWithAllArgsConstructorArgs(com.example.redditClone.models.PostTest)" classname="com.example.redditClone.models.PostTest" time="0.046"/>
  <testcase name="testCreatePostWithBuilderPatternToString on testCreatePostWithBuilderPatternToString(com.example.redditClone.models.PostTest)" classname="com.example.redditClone.models.PostTest" time="0.045"/>
  <testcase name="createAccountVerificationTokenWithConstructor on createAccountVerificationTokenWithConstructor(com.example.redditClone.models.AccountVerificationTokenTest)" classname="com.example.redditClone.models.AccountVerificationTokenTest" time="0.044"/>
  <testcase name="createAccountVerificationToken on createAccountVerificationToken(com.example.redditClone.models.AccountVerificationTokenTest)" classname="com.example.redditClone.models.AccountVerificationTokenTest" time="0.046"/>
  <testcase name="testCreateVoteWithBuilderPatternToString on testCreateVoteWithBuilderPatternToString(com.example.redditClone.models.RefreshTokenTest)" classname="com.example.redditClone.models.RefreshTokenTest" time="0.048"/>
  <testcase name="testEqualsMethodContracts on testEqualsMethodContracts(com.example.redditClone.models.RefreshTokenTest)" classname="com.example.redditClone.models.RefreshTokenTest" time="0.086"/>
  <testcase name="testCreateCommentWithAllArgsConstructorArgs on testCreateCommentWithAllArgsConstructorArgs(com.example.redditClone.models.RefreshTokenTest)" classname="com.example.redditClone.models.RefreshTokenTest" time="0.054"/>
  <testcase name="testHashCodeMethodContracts on testHashCodeMethodContracts(com.example.redditClone.models.RefreshTokenTest)" classname="com.example.redditClone.models.RefreshTokenTest" time="0.012"/>
  <testcase name="shouldReturnCurrentUserDetails on shouldReturnCurrentUserDetails(com.example.redditClone.controller.UserControllerTest)" classname="com.example.redditClone.controller.UserControllerTest" time="0.352"/>
  <testcase name="userShouldLoginSuccessfullyWhenAccountExists on userShouldLoginSuccessfullyWhenAccountExists(com.example.redditClone.controller.AuthControllerLoginTest)" classname="com.example.redditClone.controller.AuthControllerLoginTest" time="0.846"/>
  <testcase name="userLoginShouldBeUnsuccessfulWhenWrongAccountDetailsAreUsed on userLoginShouldBeUnsuccessfulWhenWrongAccountDetailsAreUsed(com.example.redditClone.controller.AuthControllerLoginTest)" classname="com.example.redditClone.controller.AuthControllerLoginTest" time="0.048"/>
  <testcase name="userLoginShouldBeUnsuccessfulWhenWrongPasswordIsUsed on userLoginShouldBeUnsuccessfulWhenWrongPasswordIsUsed(com.example.redditClone.controller.AuthControllerLoginTest)" classname="com.example.redditClone.controller.AuthControllerLoginTest" time="0.226"/>
  <testcase name="shouldReturnAListOfPostsWhenGetAllPostsIsCalled on shouldReturnAListOfPostsWhenGetAllPostsIsCalled(com.example.redditClone.controller.PostControllerTest)" classname="com.example.redditClone.controller.PostControllerTest" time="0.543"/>
  <testcase name="shouldReturnPostsWithinGivenSubredditIDWhenGetPostsByUsernameIsCalled on shouldReturnPostsWithinGivenSubredditIDWhenGetPostsByUsernameIsCalled(com.example.redditClone.controller.PostControllerTest)" classname="com.example.redditClone.controller.PostControllerTest" time="0.116"/>
  <testcase name="shouldReturnPostsWithinGivenSubredditIDWhenGetPostsBySubredditIsCalled on shouldReturnPostsWithinGivenSubredditIDWhenGetPostsBySubredditIsCalled(com.example.redditClone.controller.PostControllerTest)" classname="com.example.redditClone.controller.PostControllerTest" time="0.098"/>
  <testcase name="shouldReturnCreatedSuccessWhenAddPostMethodIsCalled on shouldReturnCreatedSuccessWhenAddPostMethodIsCalled(com.example.redditClone.controller.PostControllerTest)" classname="com.example.redditClone.controller.PostControllerTest" time="0.273"/>
  <testcase name="shouldReturnAPostWithGivenIdWhenGetPostByIDIsCalled on shouldReturnAPostWithGivenIdWhenGetPostByIDIsCalled(com.example.redditClone.controller.PostControllerTest)" classname="com.example.redditClone.controller.PostControllerTest" time="0.178"/>
  <testcase name="shouldRaiseMethodArgumentNotValidExceptionWithBadRequestWhenParamsValidationFails on shouldRaiseMethodArgumentNotValidExceptionWithBadRequestWhenParamsValidationFails(com.example.redditClone.controller.AuthControllerRegistrationTest)" classname="com.example.redditClone.controller.AuthControllerRegistrationTest" time="0.086"/>
  <testcase name="shouldReturnCreatedIfRegistrationRequestIsOk on shouldReturnCreatedIfRegistrationRequestIsOk(com.example.redditClone.controller.AuthControllerRegistrationTest)" classname="com.example.redditClone.controller.AuthControllerRegistrationTest" time="0.728"/>
  <testcase name="userSignUpShouldFailIfUsernameIsTaken on userSignUpShouldFailIfUsernameIsTaken(com.example.redditClone.controller.AuthControllerConstraintsCheckTest)" classname="com.example.redditClone.controller.AuthControllerConstraintsCheckTest" time="0.017"/>
  <testcase name="userSignUpShouldFailIfEmailIsTaken on userSignUpShouldFailIfEmailIsTaken(com.example.redditClone.controller.AuthControllerConstraintsCheckTest)" classname="com.example.redditClone.controller.AuthControllerConstraintsCheckTest" time="0.01"/>
  <testcase name="shouldRaisePostNotFoundExceptionWhenVotingForAPostThatDoesNotExist on shouldRaisePostNotFoundExceptionWhenVotingForAPostThatDoesNotExist(com.example.redditClone.controller.VoteControllerPostExceptionTest)" classname="com.example.redditClone.controller.VoteControllerPostExceptionTest" time="0.139"/>
  <testcase name="getSubreddit_ShouldReturn_Found_Subreddit on getSubreddit_ShouldReturn_Found_Subreddit(com.example.redditClone.controller.SubredditControllerTest)" classname="com.example.redditClone.controller.SubredditControllerTest" time="0.026"/>
  <testcase name="getAllSubreddits_ShouldReturn_List_of_Subreddits on getAllSubreddits_ShouldReturn_List_of_Subreddits(com.example.redditClone.controller.SubredditControllerTest)" classname="com.example.redditClone.controller.SubredditControllerTest" time="0.019"/>
  <testcase name="addSubreddit_ShouldReturn_Created_Subreddit on addSubreddit_ShouldReturn_Created_Subreddit(com.example.redditClone.controller.SubredditControllerTest)" classname="com.example.redditClone.controller.SubredditControllerTest" time="0.188"/>
  <testcase name="getSubreddit_ShouldReturn_404_Not_Found_For_Non_Existent_Subreddit on getSubreddit_ShouldReturn_404_Not_Found_For_Non_Existent_Subreddit(com.example.redditClone.controller.SubredditControllerTest)" classname="com.example.redditClone.controller.SubredditControllerTest" time="0.012"/>
  <testcase name="shouldReturnAlistOfCommentsBasedOnPostId on shouldReturnAlistOfCommentsBasedOnPostId(com.example.redditClone.controller.CommentControllerTest)" classname="com.example.redditClone.controller.CommentControllerTest" time="0.135"/>
  <testcase name="shouldReturnAlistOfCommentsBasedOnUsername on shouldReturnAlistOfCommentsBasedOnUsername(com.example.redditClone.controller.CommentControllerTest)" classname="com.example.redditClone.controller.CommentControllerTest" time="0.134"/>
  <testcase name="shouldReturnCreatedSuccessWhenAddPostMethodIsCalled on shouldReturnCreatedSuccessWhenAddPostMethodIsCalled(com.example.redditClone.controller.CommentControllerTest)" classname="com.example.redditClone.controller.CommentControllerTest" time="0.194"/>
  <testcase name="shouldRaiseVoteExceptionForDownVoteWhenUserHadAlreadyDownVoted on shouldRaiseVoteExceptionForDownVoteWhenUserHadAlreadyDownVoted(com.example.redditClone.controller.VoteControllerVoteExceptionTest)" classname="com.example.redditClone.controller.VoteControllerVoteExceptionTest" time="0.121"/>
  <testcase name="shouldRaisePostNotFoundWhenGetPostByIDIsCalledWithNonExistingID on shouldRaisePostNotFoundWhenGetPostByIDIsCalledWithNonExistingID(com.example.redditClone.controller.PostControllerExceptionsTest)" classname="com.example.redditClone.controller.PostControllerExceptionsTest" time="0.108"/>
  <testcase name="shouldRaiseSubredditNotFoundWhenGetPostByIDIsCalledWithNonExistingSubredditID on shouldRaiseSubredditNotFoundWhenGetPostByIDIsCalledWithNonExistingSubredditID(com.example.redditClone.controller.PostControllerExceptionsTest)" classname="com.example.redditClone.controller.PostControllerExceptionsTest" time="0.102"/>
  <testcase name="shouldRaiseSubredditNotFoundWhenSaveIsCalledWithSubredditNameThatDoesNotExist on shouldRaiseSubredditNotFoundWhenSaveIsCalledWithSubredditNameThatDoesNotExist(com.example.redditClone.controller.PostControllerExceptionsTest)" classname="com.example.redditClone.controller.PostControllerExceptionsTest" time="0.099"/>
  <testcase name="shouldRaiseUserNotFoundWhenGetPostByUsernameIsCalledWithNonExistingUsername on shouldRaiseUserNotFoundWhenGetPostByUsernameIsCalledWithNonExistingUsername(com.example.redditClone.controller.PostControllerExceptionsTest)" classname="com.example.redditClone.controller.PostControllerExceptionsTest" time="0.097"/>
  <testcase name="shouldRaiseActivationExceptionWhenActivationTokenIsInvalid on shouldRaiseActivationExceptionWhenActivationTokenIsInvalid(com.example.redditClone.controller.AuthControllerTokenVerificationTest)" classname="com.example.redditClone.controller.AuthControllerTokenVerificationTest" time="0.019"/>
  <testcase name="shouldReturnOkWhenActivationTokenIsValid on shouldReturnOkWhenActivationTokenIsValid(com.example.redditClone.controller.AuthControllerTokenVerificationTest)" classname="com.example.redditClone.controller.AuthControllerTokenVerificationTest" time="0.046"/>
  <testcase name="shouldThrowPostNotFoundWhenGettingListOfCommentsBasedOnPostIdWhenPostIDDoesNotExist on shouldThrowPostNotFoundWhenGettingListOfCommentsBasedOnPostIdWhenPostIDDoesNotExist(com.example.redditClone.controller.CommentControllerExceptionsTest)" classname="com.example.redditClone.controller.CommentControllerExceptionsTest" time="0.064"/>
  <testcase name="shouldThrowPostNotFoundExceptionWhenPostIdDoesNotExist on shouldThrowPostNotFoundExceptionWhenPostIdDoesNotExist(com.example.redditClone.controller.CommentControllerExceptionsTest)" classname="com.example.redditClone.controller.CommentControllerExceptionsTest" time="0.098"/>
  <testcase name="shouldThrowUserNotFoundExceptionWhenGettingListOfCommentsBasedOnUsernameIfUsernameDoesNotExist on shouldThrowUserNotFoundExceptionWhenGettingListOfCommentsBasedOnUsernameIfUsernameDoesNotExist(com.example.redditClone.controller.CommentControllerExceptionsTest)" classname="com.example.redditClone.controller.CommentControllerExceptionsTest" time="0.105"/>
  <testcase name="userShouldRefreshTokenWhenRefreshTokenIsRequestedWithValidTokenAndUsername on userShouldRefreshTokenWhenRefreshTokenIsRequestedWithValidTokenAndUsername(com.example.redditClone.controller.AuthControllerRefreshTokenTest)" classname="com.example.redditClone.controller.AuthControllerRefreshTokenTest" time="0.028"/>
  <testcase name="shouldReturnTokenDeletedMessageWhenUserLogsOutOfTheSystem on shouldReturnTokenDeletedMessageWhenUserLogsOutOfTheSystem(com.example.redditClone.controller.AuthControllerRefreshTokenTest)" classname="com.example.redditClone.controller.AuthControllerRefreshTokenTest" time="0.04"/>
  <testcase name="shouldReturnOkForDownVoteWhenUserHadUpVoted on shouldReturnOkForDownVoteWhenUserHadUpVoted(com.example.redditClone.controller.VoteControllerTest)" classname="com.example.redditClone.controller.VoteControllerTest" time="0"/>
  <testcase name="shouldReturnOkForUpVote on shouldReturnOkForUpVote(com.example.redditClone.controller.VoteControllerTest)" classname="com.example.redditClone.controller.VoteControllerTest" time="0"/>
  <testcase name="shouldReturnOkForDownVote on shouldReturnOkForDownVote(com.example.redditClone.controller.VoteControllerTest)" classname="com.example.redditClone.controller.VoteControllerTest" time="0.077"/>
  <testcase name="shouldMapSubredditObjectToSubredditDTOWhenGetSubredditIsCalled on shouldMapSubredditObjectToSubredditDTOWhenGetSubredditIsCalled(com.example.redditClone.service.PostServiceTest)" classname="com.example.redditClone.service.PostServiceTest" time="0.306"/>
  <testcase name="testEqualsMethodContracts on testEqualsMethodContracts(com.example.redditClone.service.UserPrincipalTest)" classname="com.example.redditClone.service.UserPrincipalTest" time="0.002"/>
  <testcase name="testCreateUserPrincipal on testCreateUserPrincipal(com.example.redditClone.service.UserPrincipalTest)" classname="com.example.redditClone.service.UserPrincipalTest" time="0"/>
  <testcase name="testHashCodeMethodContact on testHashCodeMethodContact(com.example.redditClone.service.UserPrincipalTest)" classname="com.example.redditClone.service.UserPrincipalTest" time="0"/>
  <testcase name="shouldRaiseUsernameNotFoundExceptionWhenLoadUserByIdIsCalledWithNonExistentUser on shouldRaiseUsernameNotFoundExceptionWhenLoadUserByIdIsCalledWithNonExistentUser(com.example.redditClone.service.CustomUserDetailsServiceTest)" classname="com.example.redditClone.service.CustomUserDetailsServiceTest" time="0"/>
  <testcase name="shouldRaiseUsernameNotFoundExceptionWhenLoadUserByUsernameIsCalledWithNonExistentUser on shouldRaiseUsernameNotFoundExceptionWhenLoadUserByUsernameIsCalledWithNonExistentUser(com.example.redditClone.service.CustomUserDetailsServiceTest)" classname="com.example.redditClone.service.CustomUserDetailsServiceTest" time="0"/>
  <testcase name="shouldReturnUserDetailsWhenLoadUserByIdIsCalledWithExistingUser on shouldReturnUserDetailsWhenLoadUserByIdIsCalledWithExistingUser(com.example.redditClone.service.CustomUserDetailsServiceTest)" classname="com.example.redditClone.service.CustomUserDetailsServiceTest" time="0"/>
  <testcase name="shouldReturnUserDetailsWhenLoadUserByUsernameIsCalledWithExistingUser on shouldReturnUserDetailsWhenLoadUserByUsernameIsCalledWithExistingUser(com.example.redditClone.service.CustomUserDetailsServiceTest)" classname="com.example.redditClone.service.CustomUserDetailsServiceTest" time="0"/>
  <testcase name="shouldReturnListOfSubredditDTOsWhenGetAllisCalled on shouldReturnListOfSubredditDTOsWhenGetAllisCalled(com.example.redditClone.service.SubredditServiceTest)" classname="com.example.redditClone.service.SubredditServiceTest" time="0.022"/>
  <testcase name="shouldMapSubredditObjectToSubredditDTOWhenGetSubredditIsCalled on shouldMapSubredditObjectToSubredditDTOWhenGetSubredditIsCalled(com.example.redditClone.service.SubredditServiceTest)" classname="com.example.redditClone.service.SubredditServiceTest" time="0.008"/>
  <testcase name="shouldReturnSubredditWhenSaveIsCalledWithSubredditDTO on shouldReturnSubredditWhenSaveIsCalledWithSubredditDTO(com.example.redditClone.service.SubredditServiceTest)" classname="com.example.redditClone.service.SubredditServiceTest" time="0.266"/>
  <testcase name="shouldThrowSubredditNotFoundExceptionWhenGetSubredditIsCalledWithNonExistingSubredditID on shouldThrowSubredditNotFoundExceptionWhenGetSubredditIsCalledWithNonExistingSubredditID(com.example.redditClone.service.SubredditServiceTest)" classname="com.example.redditClone.service.SubredditServiceTest" time="0.011"/>
  <testcase name="shouldReturnFalseWhenAuthenticationIsEmpty on shouldReturnFalseWhenAuthenticationIsEmpty(com.example.redditClone.service.AuthServiceTest)" classname="com.example.redditClone.service.AuthServiceTest" time="0.034"/>
  <testcase name="shouldRegisterUserSuccessfully on shouldRegisterUserSuccessfully(com.example.redditClone.service.AuthServiceTest)" classname="com.example.redditClone.service.AuthServiceTest" time="0.184"/>
  <testcase name="shouldThrowRefreshExceptionWhenInvalidRefreshToken on shouldThrowRefreshExceptionWhenInvalidRefreshToken(com.example.redditClone.service.AuthServiceTest)" classname="com.example.redditClone.service.AuthServiceTest" time="0.009"/>
  <testcase name="shouldThrowUsernameNotFoundExceptionWhenUserDoesNotExist on shouldThrowUsernameNotFoundExceptionWhenUserDoesNotExist(com.example.redditClone.service.AuthServiceTest)" classname="com.example.redditClone.service.AuthServiceTest" time="0.114"/>
  <testcase name="shouldValidateRefreshTokenSuccessfully on shouldValidateRefreshTokenSuccessfully(com.example.redditClone.service.AuthServiceTest)" classname="com.example.redditClone.service.AuthServiceTest" time="0.098"/>
  <testcase name="shouldThrowActivationExceptionIfTokenIsInvalid on shouldThrowActivationExceptionIfTokenIsInvalid(com.example.redditClone.service.AuthServiceTest)" classname="com.example.redditClone.service.AuthServiceTest" time="0.007"/>
  <testcase name="shouldGetCurrentUserPrincipal on shouldGetCurrentUserPrincipal(com.example.redditClone.service.AuthServiceTest)" classname="com.example.redditClone.service.AuthServiceTest" time="0.177"/>
  <testcase name="shouldVerifyAccountVerificationTokenSuccessfullyForValidTokens on shouldVerifyAccountVerificationTokenSuccessfullyForValidTokens(com.example.redditClone.service.AuthServiceTest)" classname="com.example.redditClone.service.AuthServiceTest" time="0.121"/>
  <testcase name="shouldDeleteRefreshTokenWhenRefreshTokenExists on shouldDeleteRefreshTokenWhenRefreshTokenExists(com.example.redditClone.service.AuthServiceTest)" classname="com.example.redditClone.service.AuthServiceTest" time="0.111"/>
  <testcase name="shouldLoginUserSuccessfullyForCorrectUsernameAndPassword on shouldLoginUserSuccessfullyForCorrectUsernameAndPassword(com.example.redditClone.service.AuthServiceTest)" classname="com.example.redditClone.service.AuthServiceTest" time="0.27"/>
  <testcase name="testSendEmailSuccesful on testSendEmailSuccesful(com.example.redditClone.service.MailServiceTest)" classname="com.example.redditClone.service.MailServiceTest" time="0.119"/>
  <testcase name="testActivationException on testActivationException(com.example.redditClone.service.MailServiceTest)" classname="com.example.redditClone.service.MailServiceTest" time="0.007"/>
</testsuite>