<?xml version="1.0" encoding="UTF-8"?>
<!-- Generated by org.testng.reporters.JUnitReportReporter -->
<testsuite hostname="Dans-MacBook-Pro.local" failures="0" tests="2" name="com.example.redditClone.service.MailServiceTest" time="0.266" errors="0" timestamp="5 Oct 2020 10:24:42 GMT" skipped="0">
  <testcase classname="com.example.redditClone.service.MailServiceTest" name="testActivationException" time="0.137"/>
  <testcase classname="com.example.redditClone.service.MailServiceTest" name="testSendEmailSuccesful" time="0.129"/>
</testsuite> <!-- com.example.redditClone.service.MailServiceTest -->
