<?xml version="1.0" encoding="UTF-8"?>
<!-- Generated by org.testng.reporters.JUnitReportReporter -->
<testsuite hostname="Dans-MacBook-Pro.local" failures="0" tests="2" name="com.example.redditClone.dto.RefreshTokenRequestTest" time="0.014" errors="0" timestamp="5 Oct 2020 10:24:42 GMT" skipped="0">
  <testcase classname="com.example.redditClone.dto.RefreshTokenRequestTest" name="testBuilderPattern" time="0.007"/>
  <testcase classname="com.example.redditClone.dto.RefreshTokenRequestTest" name="testSetterMethods" time="0.007"/>
</testsuite> <!-- com.example.redditClone.dto.RefreshTokenRequestTest -->
