<?xml version="1.0" encoding="UTF-8"?>
<!-- Generated by org.testng.reporters.JUnitReportReporter -->
<testsuite hostname="Dans-MacBook-Pro.local" failures="0" tests="4" name="com.example.redditClone.service.CustomUserDetailsServiceTest" time="0.259" errors="0" timestamp="5 Oct 2020 10:24:42 GMT" skipped="0">
  <testcase classname="com.example.redditClone.service.CustomUserDetailsServiceTest" name="shouldReturnUserDetailsWhenLoadUserByIdIsCalledWithExistingUser" time="0.090"/>
  <testcase classname="com.example.redditClone.service.CustomUserDetailsServiceTest" name="shouldRaiseUsernameNotFoundExceptionWhenLoadUserByIdIsCalledWithNonExistentUser" time="0.025"/>
  <testcase classname="com.example.redditClone.service.CustomUserDetailsServiceTest" name="shouldReturnUserDetailsWhenLoadUserByUsernameIsCalledWithExistingUser" time="0.103"/>
  <testcase classname="com.example.redditClone.service.CustomUserDetailsServiceTest" name="shouldRaiseUsernameNotFoundExceptionWhenLoadUserByUsernameIsCalledWithNonExistentUser" time="0.041"/>
</testsuite> <!-- com.example.redditClone.service.CustomUserDetailsServiceTest -->
