<?xml version="1.0" encoding="UTF-8"?>
<!-- Generated by org.testng.reporters.JUnitReportReporter -->
<testsuite hostname="Dans-MacBook-Pro.local" failures="0" tests="3" name="com.example.redditClone.service.UserPrincipalTest" time="0.008" errors="0" timestamp="5 Oct 2020 10:24:42 GMT" skipped="0">
  <testcase classname="com.example.redditClone.service.UserPrincipalTest" name="testCreateUserPrincipal" time="0.003"/>
  <testcase classname="com.example.redditClone.service.UserPrincipalTest" name="testHashCodeMethodContact" time="0.003"/>
  <testcase classname="com.example.redditClone.service.UserPrincipalTest" name="testEqualsMethodContracts" time="0.002"/>
</testsuite> <!-- com.example.redditClone.service.UserPrincipalTest -->
