<?xml version="1.0" encoding="UTF-8"?>
<!-- Generated by org.testng.reporters.JUnitReportReporter -->
<testsuite hostname="Dans-MacBook-Pro.local" failures="0" tests="6" name="com.example.redditClone.security.JwtTokenProviderTest" time="129.937" errors="0" timestamp="5 Oct 2020 10:24:42 GMT" skipped="0">
  <testcase classname="com.example.redditClone.security.JwtTokenProviderTest" name="shouldThrowInvalidSignatureExceptionWhenInvalidSignature" time="21.665"/>
  <testcase classname="com.example.redditClone.security.JwtTokenProviderTest" name="shouldGetUserIdFromTokenWhenValidJwtToken" time="21.685"/>
  <testcase classname="com.example.redditClone.security.JwtTokenProviderTest" name="shouldThrowMalformedExceptionWhenInvalidSignature" time="21.617"/>
  <testcase classname="com.example.redditClone.security.JwtTokenProviderTest" name="shouldReturnTrueWhenTokenIsValid" time="21.695"/>
  <testcase classname="com.example.redditClone.security.JwtTokenProviderTest" name="shouldThrowExpiredJwtExceptionWhenTokenHasExpired" time="21.673"/>
  <testcase classname="com.example.redditClone.security.JwtTokenProviderTest" name="shouldThrowIllegalArgumentExceptionWhenInvalidSignature" time="21.602"/>
</testsuite> <!-- com.example.redditClone.security.JwtTokenProviderTest -->
