<?xml version="1.0" encoding="UTF-8"?>
<!-- Generated by org.testng.reporters.JUnitReportReporter -->
<testsuite hostname="Dans-MacBook-Pro.local" failures="0" tests="3" name="com.example.redditClone.controller.CommentControllerTest" time="10.632" errors="0" timestamp="5 Oct 2020 10:24:42 GMT" skipped="0">
  <testcase classname="com.example.redditClone.controller.CommentControllerTest" name="shouldReturnCreatedSuccessWhenAddPostMethodIsCalled" time="3.721"/>
  <testcase classname="com.example.redditClone.controller.CommentControllerTest" name="shouldReturnAlistOfCommentsBasedOnPostId" time="3.387"/>
  <testcase classname="com.example.redditClone.controller.CommentControllerTest" name="shouldReturnAlistOfCommentsBasedOnUsername" time="3.524"/>
</testsuite> <!-- com.example.redditClone.controller.CommentControllerTest -->
