<?xml version="1.0" encoding="UTF-8"?>
<!-- Generated by org.testng.reporters.JUnitReportReporter -->
<testsuite hostname="Dans-MacBook-Pro.local" failures="0" tests="4" name="com.example.redditClone.service.SubredditServiceTest" time="31.581" errors="0" timestamp="5 Oct 2020 10:24:42 GMT" skipped="0">
  <testcase classname="com.example.redditClone.service.SubredditServiceTest" name="shouldReturnListOfSubredditDTOsWhenGetAllisCalled" time="7.752"/>
  <testcase classname="com.example.redditClone.service.SubredditServiceTest" name="shouldMapSubredditObjectToSubredditDTOWhenGetSubredditIsCalled" time="7.761"/>
  <testcase classname="com.example.redditClone.service.SubredditServiceTest" name="shouldReturnSubredditWhenSaveIsCalledWithSubredditDTO" time="8.028"/>
  <testcase classname="com.example.redditClone.service.SubredditServiceTest" name="shouldThrowSubredditNotFoundExceptionWhenGetSubredditIsCalledWithNonExistingSubredditID" time="8.040"/>
</testsuite> <!-- com.example.redditClone.service.SubredditServiceTest -->
