<?xml version="1.0" encoding="UTF-8"?>
<!-- Generated by org.testng.reporters.JUnitReportReporter -->
<testsuite hostname="Dans-MacBook-Pro.local" failures="0" tests="2" name="com.example.redditClone.dto.PostResponseTest" time="0.130" errors="0" timestamp="5 Oct 2020 10:24:42 GMT" skipped="0">
  <testcase classname="com.example.redditClone.dto.PostResponseTest" name="testPostResponseBuilderPatternToStringMethod" time="0.065"/>
  <testcase classname="com.example.redditClone.dto.PostResponseTest" name="testPostRequestsetterMethods" time="0.065"/>
</testsuite> <!-- com.example.redditClone.dto.PostResponseTest -->
