<?xml version="1.0" encoding="UTF-8"?>
<!-- Generated by org.testng.reporters.JUnitReportReporter -->
<testsuite hostname="Dans-MacBook-Pro.local" failures="0" tests="6" name="com.example.redditClone.models.CommentTest" time="0.478" errors="0" timestamp="5 Oct 2020 10:24:42 GMT" skipped="0">
  <testcase classname="com.example.redditClone.models.CommentTest" name="testHashCodeMethodContracts" time="0.116"/>
  <testcase classname="com.example.redditClone.models.CommentTest" name="testEqualsMethodContracts" time="0.078"/>
  <testcase classname="com.example.redditClone.models.CommentTest" name="testCreateCommentWithBuilderPattern" time="0.020"/>
  <testcase classname="com.example.redditClone.models.CommentTest" name="testCreateCommentWithSetterMethods" time="0.130"/>
  <testcase classname="com.example.redditClone.models.CommentTest" name="testCreateVoteWithBuilderPatternToString" time="0.038"/>
  <testcase classname="com.example.redditClone.models.CommentTest" name="testCreateCommentWithAllArgsConstructorArgs" time="0.096"/>
</testsuite> <!-- com.example.redditClone.models.CommentTest -->
