<?xml version="1.0" encoding="UTF-8"?>
<!-- Generated by org.testng.reporters.JUnitReportReporter -->
<testsuite hostname="Dans-MacBook-Pro.local" failures="0" tests="2" name="com.example.redditClone.controller.AuthControllerRefreshTokenTest" time="8.202" errors="0" timestamp="5 Oct 2020 10:24:42 GMT" skipped="0">
  <testcase classname="com.example.redditClone.controller.AuthControllerRefreshTokenTest" name="userShouldRefreshTokenWhenRefreshTokenIsRequestedWithValidTokenAndUsername" time="4.095"/>
  <testcase classname="com.example.redditClone.controller.AuthControllerRefreshTokenTest" name="shouldReturnTokenDeletedMessageWhenUserLogsOutOfTheSystem" time="4.107"/>
</testsuite> <!-- com.example.redditClone.controller.AuthControllerRefreshTokenTest -->
