<?xml version="1.0" encoding="UTF-8"?>
<!-- Generated by org.testng.reporters.JUnitReportReporter -->
<testsuite hostname="Dans-MacBook-Pro.local" failures="0" tests="4" name="com.example.redditClone.models.SubredditTest" time="8.145" errors="0" timestamp="5 Oct 2020 10:24:42 GMT" skipped="0">
  <testcase classname="com.example.redditClone.models.SubredditTest" name="testCreatePostWithBuilderPattern" time="2.040"/>
  <testcase classname="com.example.redditClone.models.SubredditTest" name="testCreatePostWithBuilderPatternToString" time="2.104"/>
  <testcase classname="com.example.redditClone.models.SubredditTest" name="testCreatePostWithSetterMethods" time="1.930"/>
  <testcase classname="com.example.redditClone.models.SubredditTest" name="testCreatePostWithAllArgsConstructorArgs" time="2.071"/>
</testsuite> <!-- com.example.redditClone.models.SubredditTest -->
