<?xml version="1.0" encoding="UTF-8"?>
<!-- Generated by org.testng.reporters.JUnitReportReporter -->
<testsuite hostname="Dans-MacBook-Pro.local" failures="0" tests="1" name="com.example.redditClone.service.PostServiceTest" time="4.088" errors="0" timestamp="5 Oct 2020 10:24:42 GMT" skipped="0">
  <testcase classname="com.example.redditClone.service.PostServiceTest" name="shouldMapSubredditObjectToSubredditDTOWhenGetSubredditIsCalled" time="4.088"/>
</testsuite> <!-- com.example.redditClone.service.PostServiceTest -->
