<?xml version="1.0" encoding="UTF-8"?>
<!-- Generated by org.testng.reporters.JUnitReportReporter -->
<testsuite hostname="Dans-MacBook-Pro.local" failures="0" tests="2" name="com.example.redditClone.dto.SubredditDTOTest" time="0.041" errors="0" timestamp="5 Oct 2020 10:24:42 GMT" skipped="0">
  <testcase classname="com.example.redditClone.dto.SubredditDTOTest" name="testSubredditDTOSetterMethods" time="0.021"/>
  <testcase classname="com.example.redditClone.dto.SubredditDTOTest" name="testSubredditDTOBuilderPatternToStringMethod" time="0.020"/>
</testsuite> <!-- com.example.redditClone.dto.SubredditDTOTest -->
