<?xml version="1.0" encoding="UTF-8"?>
<!-- Generated by org.testng.reporters.JUnitReportReporter -->
<testsuite hostname="Dans-MacBook-Pro.local" failures="0" tests="2" name="com.example.redditClone.models.AccountVerificationTokenTest" time="0.063" errors="0" timestamp="5 Oct 2020 10:24:42 GMT" skipped="0">
  <testcase classname="com.example.redditClone.models.AccountVerificationTokenTest" name="createAccountVerificationToken" time="0.039"/>
  <testcase classname="com.example.redditClone.models.AccountVerificationTokenTest" name="createAccountVerificationTokenWithConstructor" time="0.024"/>
</testsuite> <!-- com.example.redditClone.models.AccountVerificationTokenTest -->
