<?xml version="1.0" encoding="UTF-8"?>
<!-- Generated by org.testng.reporters.JUnitReportReporter -->
<testsuite hostname="Dans-MacBook-Pro.local" failures="0" tests="1" name="com.example.redditClone.dto.ApiResponseTest" time="0.001" errors="0" timestamp="5 Oct 2020 10:24:42 GMT" skipped="0">
  <testcase classname="com.example.redditClone.dto.ApiResponseTest" name="testSettterMethods" time="0.001"/>
</testsuite> <!-- com.example.redditClone.dto.ApiResponseTest -->
