<?xml version="1.0" encoding="UTF-8"?>
<!-- Generated by org.testng.reporters.JUnitReportReporter -->
<testsuite hostname="Dans-MacBook-Pro.local" failures="0" tests="4" name="com.example.redditClone.models.RefreshTokenTest" time="0.135" errors="0" timestamp="5 Oct 2020 10:24:42 GMT" skipped="0">
  <testcase classname="com.example.redditClone.models.RefreshTokenTest" name="testCreateCommentWithAllArgsConstructorArgs" time="0.040"/>
  <testcase classname="com.example.redditClone.models.RefreshTokenTest" name="testEqualsMethodContracts" time="0.030"/>
  <testcase classname="com.example.redditClone.models.RefreshTokenTest" name="testHashCodeMethodContracts" time="0.050"/>
  <testcase classname="com.example.redditClone.models.RefreshTokenTest" name="testCreateVoteWithBuilderPatternToString" time="0.015"/>
</testsuite> <!-- com.example.redditClone.models.RefreshTokenTest -->
