<?xml version="1.0" encoding="UTF-8"?>
<!-- Generated by org.testng.reporters.JUnitReportReporter -->
<testsuite hostname="Dans-MacBook-Pro.local" failures="0" tests="10" name="com.example.redditClone.service.AuthServiceTest" time="33.096" errors="0" timestamp="5 Oct 2020 10:24:42 GMT" skipped="0">
  <testcase classname="com.example.redditClone.service.AuthServiceTest" name="shouldValidateRefreshTokenSuccessfully" time="3.244"/>
  <testcase classname="com.example.redditClone.service.AuthServiceTest" name="shouldThrowUsernameNotFoundExceptionWhenUserDoesNotExist" time="3.144"/>
  <testcase classname="com.example.redditClone.service.AuthServiceTest" name="shouldThrowActivationExceptionIfTokenIsInvalid" time="3.252"/>
  <testcase classname="com.example.redditClone.service.AuthServiceTest" name="shouldRegisterUserSuccessfully" time="3.019"/>
  <testcase classname="com.example.redditClone.service.AuthServiceTest" name="shouldVerifyAccountVerificationTokenSuccessfullyForValidTokens" time="3.550"/>
  <testcase classname="com.example.redditClone.service.AuthServiceTest" name="shouldReturnFalseWhenAuthenticationIsEmpty" time="2.834"/>
  <testcase classname="com.example.redditClone.service.AuthServiceTest" name="shouldDeleteRefreshTokenWhenRefreshTokenExists" time="3.662"/>
  <testcase classname="com.example.redditClone.service.AuthServiceTest" name="shouldGetCurrentUserPrincipal" time="3.429"/>
  <testcase classname="com.example.redditClone.service.AuthServiceTest" name="shouldThrowRefreshExceptionWhenInvalidRefreshToken" time="3.029"/>
  <testcase classname="com.example.redditClone.service.AuthServiceTest" name="shouldLoginUserSuccessfullyForCorrectUsernameAndPassword" time="3.933"/>
</testsuite> <!-- com.example.redditClone.service.AuthServiceTest -->
