<?xml version="1.0" encoding="UTF-8"?>
<!-- Generated by org.testng.reporters.JUnitReportReporter -->
<testsuite hostname="Dans-MacBook-Pro.local" failures="0" tests="2" name="com.example.redditClone.dto.CommentResponseTest" time="0.006" errors="0" timestamp="5 Oct 2020 10:24:42 GMT" skipped="0">
  <testcase classname="com.example.redditClone.dto.CommentResponseTest" name="testCommentResponseSetterMethods" time="0.002"/>
  <testcase classname="com.example.redditClone.dto.CommentResponseTest" name="testCommentResponseBuilderToStringMethod" time="0.004"/>
</testsuite> <!-- com.example.redditClone.dto.CommentResponseTest -->
