<?xml version="1.0" encoding="UTF-8"?>
<!-- Generated by org.testng.reporters.JUnitReportReporter -->
<testsuite hostname="Dans-MacBook-Pro.local" failures="0" tests="4" name="com.example.redditClone.models.NotificationEmailTest" time="0.006" errors="0" timestamp="5 Oct 2020 10:24:42 GMT" skipped="0">
  <testcase classname="com.example.redditClone.models.NotificationEmailTest" name="testCreateVoteWithBuilderPatternToString" time="0.001"/>
  <testcase classname="com.example.redditClone.models.NotificationEmailTest" name="testCreateNotificationEmailUsingSetterMethod" time="0.002"/>
  <testcase classname="com.example.redditClone.models.NotificationEmailTest" name="testEqualsMethodContracts" time="0.001"/>
  <testcase classname="com.example.redditClone.models.NotificationEmailTest" name="testCreateCommentWithAllArgsConstructorArgs" time="0.002"/>
</testsuite> <!-- com.example.redditClone.models.NotificationEmailTest -->
