<?xml version="1.0" encoding="UTF-8"?>
<!-- Generated by org.testng.reporters.JUnitReportReporter -->
<testsuite hostname="Dans-MacBook-Pro.local" failures="0" tests="3" name="com.example.redditClone.controller.CommentControllerExceptionsTest" time="0.607" errors="0" timestamp="5 Oct 2020 10:24:42 GMT" skipped="0">
  <testcase classname="com.example.redditClone.controller.CommentControllerExceptionsTest" name="shouldThrowPostNotFoundExceptionWhenPostIdDoesNotExist" time="0.200"/>
  <testcase classname="com.example.redditClone.controller.CommentControllerExceptionsTest" name="shouldThrowPostNotFoundWhenGettingListOfCommentsBasedOnPostIdWhenPostIDDoesNotExist" time="0.101"/>
  <testcase classname="com.example.redditClone.controller.CommentControllerExceptionsTest" name="shouldThrowUserNotFoundExceptionWhenGettingListOfCommentsBasedOnUsernameIfUsernameDoesNotExist" time="0.306"/>
</testsuite> <!-- com.example.redditClone.controller.CommentControllerExceptionsTest -->
