<?xml version="1.0" encoding="UTF-8"?>
<!-- Generated by org.testng.reporters.JUnitReportReporter -->
<testsuite hostname="Dans-MacBook-Pro.local" failures="0" tests="4" name="com.example.redditClone.models.UserEntityTest" time="0.185" errors="0" timestamp="5 Oct 2020 10:24:42 GMT" skipped="0">
  <testcase classname="com.example.redditClone.models.UserEntityTest" name="saveUser" time="0.014"/>
  <testcase classname="com.example.redditClone.models.UserEntityTest" name="saveUserWithCustomUserID" time="0.053"/>
  <testcase classname="com.example.redditClone.models.UserEntityTest" name="whenBlankUserName_and_Email_thenOneConstraintViolation" time="0.035"/>
  <testcase classname="com.example.redditClone.models.UserEntityTest" name="when_ID_AccountStatus_and_CreationDate_Are_Set" time="0.083"/>
</testsuite> <!-- com.example.redditClone.models.UserEntityTest -->
