<?xml version="1.0" encoding="UTF-8"?>
<!-- Generated by org.testng.reporters.JUnitReportReporter -->
<testsuite hostname="Dans-MacBook-Pro.local" failures="0" tests="3" name="com.example.redditClone.controller.VoteControllerTest" time="1.360" errors="0" timestamp="5 Oct 2020 10:24:42 GMT" skipped="0">
  <testcase classname="com.example.redditClone.controller.VoteControllerTest" name="shouldReturnOkForDownVote" time="0.559"/>
  <testcase classname="com.example.redditClone.controller.VoteControllerTest" name="shouldReturnOkForUpVote" time="0.458"/>
  <testcase classname="com.example.redditClone.controller.VoteControllerTest" name="shouldReturnOkForDownVoteWhenUserHadUpVoted" time="0.343"/>
</testsuite> <!-- com.example.redditClone.controller.VoteControllerTest -->
