<?xml version="1.0" encoding="UTF-8"?>
<!-- Generated by org.testng.reporters.JUnitReportReporter -->
<testsuite hostname="Dans-MacBook-Pro.local" failures="0" tests="3" name="com.example.redditClone.controller.AuthControllerLoginTest" time="19.367" errors="0" timestamp="5 Oct 2020 10:24:42 GMT" skipped="0">
  <testcase classname="com.example.redditClone.controller.AuthControllerLoginTest" name="userLoginShouldBeUnsuccessfulWhenWrongAccountDetailsAreUsed" time="6.396"/>
  <testcase classname="com.example.redditClone.controller.AuthControllerLoginTest" name="userShouldLoginSuccessfullyWhenAccountExists" time="6.346"/>
  <testcase classname="com.example.redditClone.controller.AuthControllerLoginTest" name="userLoginShouldBeUnsuccessfulWhenWrongPasswordIsUsed" time="6.625"/>
</testsuite> <!-- com.example.redditClone.controller.AuthControllerLoginTest -->
