<?xml version="1.0" encoding="UTF-8"?>
<!-- Generated by org.testng.reporters.JUnitReportReporter -->
<testsuite hostname="Dans-MacBook-Pro.local" failures="0" tests="2" name="com.example.redditClone.controller.AuthControllerTokenVerificationTest" time="4.927" errors="0" timestamp="5 Oct 2020 10:24:42 GMT" skipped="0">
  <testcase classname="com.example.redditClone.controller.AuthControllerTokenVerificationTest" name="shouldRaiseActivationExceptionWhenActivationTokenIsInvalid" time="2.440"/>
  <testcase classname="com.example.redditClone.controller.AuthControllerTokenVerificationTest" name="shouldReturnOkWhenActivationTokenIsValid" time="2.487"/>
</testsuite> <!-- com.example.redditClone.controller.AuthControllerTokenVerificationTest -->
