<?xml version="1.0" encoding="UTF-8"?>
<!-- Generated by org.testng.reporters.JUnitReportReporter -->
<testsuite hostname="Dans-MacBook-Pro.local" failures="0" tests="5" name="com.example.redditClone.controller.PostControllerTest" time="29.517" errors="0" timestamp="5 Oct 2020 10:24:42 GMT" skipped="0">
  <testcase classname="com.example.redditClone.controller.PostControllerTest" name="shouldReturnAListOfPostsWhenGetAllPostsIsCalled" time="5.604"/>
  <testcase classname="com.example.redditClone.controller.PostControllerTest" name="shouldReturnCreatedSuccessWhenAddPostMethodIsCalled" time="6.096"/>
  <testcase classname="com.example.redditClone.controller.PostControllerTest" name="shouldReturnPostsWithinGivenSubredditIDWhenGetPostsByUsernameIsCalled" time="5.721"/>
  <testcase classname="com.example.redditClone.controller.PostControllerTest" name="shouldReturnPostsWithinGivenSubredditIDWhenGetPostsBySubredditIsCalled" time="5.821"/>
  <testcase classname="com.example.redditClone.controller.PostControllerTest" name="shouldReturnAPostWithGivenIdWhenGetPostByIDIsCalled" time="6.275"/>
</testsuite> <!-- com.example.redditClone.controller.PostControllerTest -->
