<?xml version="1.0" encoding="UTF-8"?>
<!-- Generated by org.testng.reporters.JUnitReportReporter -->
<testsuite hostname="Dans-MacBook-Pro.local" failures="0" tests="2" name="com.example.redditClone.controller.AuthControllerRegistrationTest" time="8.910" errors="0" timestamp="5 Oct 2020 10:24:42 GMT" skipped="0">
  <testcase classname="com.example.redditClone.controller.AuthControllerRegistrationTest" name="shouldRaiseMethodArgumentNotValidExceptionWithBadRequestWhenParamsValidationFails" time="4.091"/>
  <testcase classname="com.example.redditClone.controller.AuthControllerRegistrationTest" name="shouldReturnCreatedIfRegistrationRequestIsOk" time="4.819"/>
</testsuite> <!-- com.example.redditClone.controller.AuthControllerRegistrationTest -->
