<?xml version="1.0" encoding="UTF-8"?>
<!-- Generated by org.testng.reporters.JUnitReportReporter -->
<testsuite hostname="Dans-MacBook-Pro.local" failures="0" tests="4" name="com.example.redditClone.controller.SubredditControllerTest" time="11.458" errors="0" timestamp="5 Oct 2020 10:24:42 GMT" skipped="0">
  <testcase classname="com.example.redditClone.controller.SubredditControllerTest" name="getSubreddit_ShouldReturn_404_Not_Found_For_Non_Existent_Subreddit" time="2.973"/>
  <testcase classname="com.example.redditClone.controller.SubredditControllerTest" name="addSubreddit_ShouldReturn_Created_Subreddit" time="2.961"/>
  <testcase classname="com.example.redditClone.controller.SubredditControllerTest" name="getSubreddit_ShouldReturn_Found_Subreddit" time="2.752"/>
  <testcase classname="com.example.redditClone.controller.SubredditControllerTest" name="getAllSubreddits_ShouldReturn_List_of_Subreddits" time="2.772"/>
</testsuite> <!-- com.example.redditClone.controller.SubredditControllerTest -->
