<?xml version="1.0" encoding="UTF-8"?>
<!-- Generated by org.testng.reporters.JUnitReportReporter -->
<testsuite hostname="Dans-MacBook-Pro.local" failures="0" tests="4" name="com.example.redditClone.controller.PostControllerExceptionsTest" time="10.784" errors="0" timestamp="5 Oct 2020 10:24:42 GMT" skipped="0">
  <testcase classname="com.example.redditClone.controller.PostControllerExceptionsTest" name="shouldRaiseSubredditNotFoundWhenGetPostByIDIsCalledWithNonExistingSubredditID" time="2.647"/>
  <testcase classname="com.example.redditClone.controller.PostControllerExceptionsTest" name="shouldRaiseSubredditNotFoundWhenSaveIsCalledWithSubredditNameThatDoesNotExist" time="2.748"/>
  <testcase classname="com.example.redditClone.controller.PostControllerExceptionsTest" name="shouldRaiseUserNotFoundWhenGetPostByUsernameIsCalledWithNonExistingUsername" time="2.846"/>
  <testcase classname="com.example.redditClone.controller.PostControllerExceptionsTest" name="shouldRaisePostNotFoundWhenGetPostByIDIsCalledWithNonExistingID" time="2.543"/>
</testsuite> <!-- com.example.redditClone.controller.PostControllerExceptionsTest -->
