<?xml version="1.0" encoding="UTF-8"?>
<!-- Generated by org.testng.reporters.JUnitReportReporter -->
<testsuite hostname="Dans-MacBook-Pro.local" failures="0" tests="2" name="com.example.redditClone.dto.PostRequestTest" time="0.008" errors="0" timestamp="5 Oct 2020 10:24:42 GMT" skipped="0">
  <testcase classname="com.example.redditClone.dto.PostRequestTest" name="testPostRequestsetterMethods" time="0.005"/>
  <testcase classname="com.example.redditClone.dto.PostRequestTest" name="testPostRequestBuilderPatternToStringMethod" time="0.003"/>
</testsuite> <!-- com.example.redditClone.dto.PostRequestTest -->
