<?xml version="1.0" encoding="UTF-8"?>
<!-- Generated by org.testng.reporters.JUnitReportReporter -->
<testsuite hostname="Dans-MacBook-Pro.local" failures="0" tests="2" name="com.example.redditClone.dto.CommentRequestTest" time="0.022" errors="0" timestamp="5 Oct 2020 10:24:42 GMT" skipped="0">
  <testcase classname="com.example.redditClone.dto.CommentRequestTest" name="testCommentResponseSetterMethods" time="0.002"/>
  <testcase classname="com.example.redditClone.dto.CommentRequestTest" name="testCommentRequestBuilderToStringMethod" time="0.020"/>
</testsuite> <!-- com.example.redditClone.dto.CommentRequestTest -->
