<?xml version="1.0" encoding="UTF-8"?>
<!-- Generated by org.testng.reporters.JUnitReportReporter -->
<testsuite hostname="Dans-MacBook-Pro.local" failures="0" tests="4" name="com.example.redditClone.models.PostTest" time="0.227" errors="0" timestamp="5 Oct 2020 10:24:42 GMT" skipped="0">
  <testcase classname="com.example.redditClone.models.PostTest" name="testCreatePostWithBuilderPatternToString" time="0.103"/>
  <testcase classname="com.example.redditClone.models.PostTest" name="testCreatePostWithSetterMethods" time="0.017"/>
  <testcase classname="com.example.redditClone.models.PostTest" name="testCreatePostWithBuilderPattern" time="0.039"/>
  <testcase classname="com.example.redditClone.models.PostTest" name="testCreatePostWithAllArgsConstructorArgs" time="0.068"/>
</testsuite> <!-- com.example.redditClone.models.PostTest -->
