<?xml version="1.0" encoding="UTF-8"?>
<!-- Generated by org.testng.reporters.JUnitReportReporter -->
<testsuite hostname="Dans-MacBook-Pro.local" failures="0" tests="1" name="com.example.redditClone.controller.VoteControllerVoteExceptionTest" time="3.263" errors="0" timestamp="5 Oct 2020 10:24:42 GMT" skipped="0">
  <testcase classname="com.example.redditClone.controller.VoteControllerVoteExceptionTest" name="shouldRaiseVoteExceptionForDownVoteWhenUserHadAlreadyDownVoted" time="3.263"/>
</testsuite> <!-- com.example.redditClone.controller.VoteControllerVoteExceptionTest -->
