<?xml version="1.0" encoding="UTF-8"?>
<!-- Generated by org.testng.reporters.JUnitReportReporter -->
<testsuite hostname="Dans-MacBook-Pro.local" failures="0" tests="4" name="com.example.redditClone.models.VoteTest" time="1.027" errors="0" timestamp="5 Oct 2020 10:24:42 GMT" skipped="0">
  <testcase classname="com.example.redditClone.models.VoteTest" name="testCreatePostWithAllArgsConstructorArgs" time="0.311"/>
  <testcase classname="com.example.redditClone.models.VoteTest" name="testCreateVoteWithSetterMethods" time="0.347"/>
  <testcase classname="com.example.redditClone.models.VoteTest" name="testCreateVoteWithBuilderPatternToString" time="0.226"/>
  <testcase classname="com.example.redditClone.models.VoteTest" name="testCreatePostWithBuilderPattern" time="0.143"/>
</testsuite> <!-- com.example.redditClone.models.VoteTest -->
